    0.010    0.000  0.87427E+06  0.00000E+00 -0.57980E+06 -0.43714E+06  0.75714E+06 -0.57980E+06 -0.43714E+06 -0.75714E+06 -0.57980E+06
    0.020    0.010  0.71803E+06  0.00000E+00 -0.47618E+06 -0.47620E+06  0.82480E+06 -0.63160E+06 -0.47620E+06 -0.82480E+06 -0.63160E+06
    0.030    0.020  0.75601E+06  0.00000E+00 -0.50223E+06 -0.46806E+06  0.80793E+06 -0.61869E+06 -0.46806E+06 -0.80793E+06 -0.61869E+06
    0.040    0.030  0.75902E+06  0.00000E+00 -0.50510E+06 -0.46857E+06  0.80608E+06 -0.61726E+06 -0.46857E+06 -0.80608E+06 -0.61726E+06
    0.050    0.040  0.75056E+06  0.00000E+00 -0.50032E+06 -0.47194E+06  0.80924E+06 -0.61966E+06 -0.47194E+06 -0.80924E+06 -0.61966E+06
    0.060    0.050  0.75572E+06  0.00000E+00 -0.50462E+06 -0.47182E+06  0.80649E+06 -0.61752E+06 -0.47182E+06 -0.80649E+06 -0.61752E+06
    0.070    0.060  0.75003E+06  0.00000E+00 -0.50163E+06 -0.47437E+06  0.80848E+06 -0.61901E+06 -0.47437E+06 -0.80848E+06 -0.61901E+06
    0.080    0.070  0.75546E+06  0.00000E+00 -0.50608E+06 -0.47402E+06  0.80562E+06 -0.61678E+06 -0.47402E+06 -0.80562E+06 -0.61678E+06
    0.090    0.080  0.74879E+06  0.00000E+00 -0.50236E+06 -0.47664E+06  0.80808E+06 -0.61861E+06 -0.47664E+06 -0.80808E+06 -0.61861E+06
    0.100    0.090  0.75541E+06  0.00000E+00 -0.50753E+06 -0.47576E+06  0.80474E+06 -0.61600E+06 -0.47576E+06 -0.80474E+06 -0.61600E+06
    0.110    0.100  0.74764E+06  0.00000E+00 -0.50296E+06 -0.47845E+06  0.80776E+06 -0.61825E+06 -0.47845E+06 -0.80776E+06 -0.61825E+06
    0.120    0.110  0.75546E+06  0.00000E+00 -0.50885E+06 -0.47701E+06  0.80395E+06 -0.61527E+06 -0.47701E+06 -0.80395E+06 -0.61527E+06
    0.130    0.120  0.74677E+06  0.00000E+00 -0.50352E+06 -0.47971E+06  0.80748E+06 -0.61790E+06 -0.47971E+06 -0.80748E+06 -0.61790E+06
    0.140    0.130  0.75553E+06  0.00000E+00 -0.50994E+06 -0.47777E+06  0.80335E+06 -0.61466E+06 -0.47777E+06 -0.80335E+06 -0.61466E+06
    0.150    0.140  0.74607E+06  0.00000E+00 -0.50394E+06 -0.48044E+06  0.80734E+06 -0.61764E+06 -0.48044E+06 -0.80734E+06 -0.61764E+06
    0.160    0.150  0.75567E+06  0.00000E+00 -0.51080E+06 -0.47806E+06  0.80295E+06 -0.61420E+06 -0.47806E+06 -0.80295E+06 -0.61420E+06
    0.170    0.160  0.74562E+06  0.00000E+00 -0.50426E+06 -0.48067E+06  0.80735E+06 -0.61748E+06 -0.48067E+06 -0.80735E+06 -0.61748E+06
    0.180    0.170  0.75589E+06  0.00000E+00 -0.51144E+06 -0.47791E+06  0.80278E+06 -0.61391E+06 -0.47791E+06 -0.80278E+06 -0.61391E+06
    0.190    0.180  0.74542E+06  0.00000E+00 -0.50447E+06 -0.48046E+06  0.80750E+06 -0.61744E+06 -0.48046E+06 -0.80750E+06 -0.61744E+06
    0.200    0.190  0.75619E+06  0.00000E+00 -0.51186E+06 -0.47740E+06  0.80282E+06 -0.61379E+06 -0.47740E+06 -0.80282E+06 -0.61379E+06
    0.210    0.200  0.74549E+06  0.00000E+00 -0.50461E+06 -0.47987E+06  0.80777E+06 -0.61750E+06 -0.47987E+06 -0.80777E+06 -0.61750E+06
    0.220    0.210  0.75657E+06  0.00000E+00 -0.51210E+06 -0.47662E+06  0.80305E+06 -0.61382E+06 -0.47662E+06 -0.80305E+06 -0.61382E+06
    0.230    0.220  0.74581E+06  0.00000E+00 -0.50470E+06 -0.47901E+06  0.80811E+06 -0.61762E+06 -0.47901E+06 -0.80811E+06 -0.61762E+06
    0.240    0.230  0.75702E+06  0.00000E+00 -0.51219E+06 -0.47565E+06  0.80339E+06 -0.61395E+06 -0.47565E+06 -0.80339E+06 -0.61395E+06
    0.250    0.240  0.74636E+06  0.00000E+00 -0.50477E+06 -0.47796E+06  0.80845E+06 -0.61776E+06 -0.47796E+06 -0.80845E+06 -0.61776E+06
    0.260    0.250  0.75752E+06  0.00000E+00 -0.51215E+06 -0.47459E+06  0.80377E+06 -0.61413E+06 -0.47459E+06 -0.80377E+06 -0.61413E+06
    0.270    0.260  0.74711E+06  0.00000E+00 -0.50486E+06 -0.47682E+06  0.80872E+06 -0.61785E+06 -0.47682E+06 -0.80872E+06 -0.61785E+06
    0.280    0.270  0.75803E+06  0.00000E+00 -0.51202E+06 -0.47354E+06  0.80413E+06 -0.61430E+06 -0.47354E+06 -0.80413E+06 -0.61430E+06
    0.290    0.280  0.74803E+06  0.00000E+00 -0.50499E+06 -0.47569E+06  0.80886E+06 -0.61787E+06 -0.47569E+06 -0.80886E+06 -0.61787E+06
    0.300    0.290  0.75853E+06  0.00000E+00 -0.51185E+06 -0.47259E+06  0.80441E+06 -0.61443E+06 -0.47259E+06 -0.80441E+06 -0.61443E+06
    0.310    0.300  0.74908E+06  0.00000E+00 -0.50520E+06 -0.47466E+06  0.80883E+06 -0.61777E+06 -0.47466E+06 -0.80883E+06 -0.61777E+06
    0.320    0.310  0.75898E+06  0.00000E+00 -0.51167E+06 -0.47181E+06  0.80459E+06 -0.61449E+06 -0.47181E+06 -0.80459E+06 -0.61449E+06
    0.330    0.320  0.75021E+06  0.00000E+00 -0.50552E+06 -0.47381E+06  0.80864E+06 -0.61755E+06 -0.47381E+06 -0.80864E+06 -0.61755E+06
    0.340    0.330  0.75937E+06  0.00000E+00 -0.51152E+06 -0.47128E+06  0.80466E+06 -0.61448E+06 -0.47128E+06 -0.80466E+06 -0.61448E+06
    0.350    0.340  0.75141E+06  0.00000E+00 -0.50597E+06 -0.47320E+06  0.80828E+06 -0.61721E+06 -0.47320E+06 -0.80828E+06 -0.61721E+06
    0.360    0.350  0.75968E+06  0.00000E+00 -0.51143E+06 -0.47104E+06  0.80464E+06 -0.61440E+06 -0.47104E+06 -0.80464E+06 -0.61440E+06
    0.370    0.360  0.75265E+06  0.00000E+00 -0.50658E+06 -0.47286E+06  0.80779E+06 -0.61677E+06 -0.47286E+06 -0.80779E+06 -0.61677E+06
    0.380    0.370  0.75991E+06  0.00000E+00 -0.51143E+06 -0.47109E+06  0.80454E+06 -0.61426E+06 -0.47109E+06 -0.80454E+06 -0.61426E+06
    0.390    0.380  0.75391E+06  0.00000E+00 -0.50736E+06 -0.47278E+06  0.80719E+06 -0.61625E+06 -0.47278E+06 -0.80719E+06 -0.61625E+06
    0.400    0.390  0.76008E+06  0.00000E+00 -0.51156E+06 -0.47141E+06  0.80438E+06 -0.61408E+06 -0.47141E+06 -0.80438E+06 -0.61408E+06
    0.410    0.400  0.75519E+06  0.00000E+00 -0.50832E+06 -0.47293E+06  0.80650E+06 -0.61566E+06 -0.47293E+06 -0.80650E+06 -0.61566E+06
    0.420    0.410  0.76019E+06  0.00000E+00 -0.51181E+06 -0.47195E+06  0.80419E+06 -0.61385E+06 -0.47195E+06 -0.80419E+06 -0.61385E+06
    0.430    0.420  0.75649E+06  0.00000E+00 -0.50945E+06 -0.47324E+06  0.80575E+06 -0.61501E+06 -0.47324E+06 -0.80575E+06 -0.61501E+06
    0.440    0.430  0.76027E+06  0.00000E+00 -0.51219E+06 -0.47262E+06  0.80395E+06 -0.61359E+06 -0.47262E+06 -0.80395E+06 -0.61359E+06
    0.450    0.440  0.75780E+06  0.00000E+00 -0.51073E+06 -0.47362E+06  0.80495E+06 -0.61431E+06 -0.47362E+06 -0.80495E+06 -0.61431E+06
    0.460    0.450  0.76033E+06  0.00000E+00 -0.51269E+06 -0.47333E+06  0.80368E+06 -0.61330E+06 -0.47333E+06 -0.80368E+06 -0.61330E+06
    0.470    0.460  0.75912E+06  0.00000E+00 -0.51215E+06 -0.47399E+06  0.80410E+06 -0.61356E+06 -0.47399E+06 -0.80410E+06 -0.61356E+06
    0.480    0.470  0.76040E+06  0.00000E+00 -0.51330E+06 -0.47398E+06  0.80338E+06 -0.61297E+06 -0.47398E+06 -0.80338E+06 -0.61297E+06
    0.490    0.480  0.76046E+06  0.00000E+00 -0.51365E+06 -0.47426E+06  0.80322E+06 -0.61279E+06 -0.47426E+06 -0.80322E+06 -0.61279E+06
    0.500    0.490  0.76050E+06  0.00000E+00 -0.51399E+06 -0.47451E+06  0.80305E+06 -0.61261E+06 -0.47451E+06 -0.80305E+06 -0.61261E+06
    0.510    0.500  0.76182E+06  0.00000E+00 -0.51520E+06 -0.47438E+06  0.80234E+06 -0.61201E+06 -0.47438E+06 -0.80234E+06 -0.61201E+06
    0.520    0.510  0.76064E+06  0.00000E+00 -0.51472E+06 -0.47484E+06  0.80273E+06 -0.61226E+06 -0.47484E+06 -0.80273E+06 -0.61226E+06
    0.530    0.520  0.76319E+06  0.00000E+00 -0.51677E+06 -0.47430E+06  0.80150E+06 -0.61125E+06 -0.47430E+06 -0.80150E+06 -0.61125E+06
    0.540    0.530  0.76086E+06  0.00000E+00 -0.51549E+06 -0.47496E+06  0.80244E+06 -0.61192E+06 -0.47496E+06 -0.80244E+06 -0.61192E+06
    0.550    0.540  0.76459E+06  0.00000E+00 -0.51831E+06 -0.47401E+06  0.80072E+06 -0.61054E+06 -0.47401E+06 -0.80072E+06 -0.61054E+06
    0.560    0.550  0.76118E+06  0.00000E+00 -0.51625E+06 -0.47486E+06  0.80220E+06 -0.61161E+06 -0.47486E+06 -0.80220E+06 -0.61161E+06
    0.570    0.560  0.76602E+06  0.00000E+00 -0.51979E+06 -0.47352E+06  0.80003E+06 -0.60990E+06 -0.47352E+06 -0.80003E+06 -0.60990E+06
    0.580    0.570  0.76162E+06  0.00000E+00 -0.51700E+06 -0.47454E+06  0.80202E+06 -0.61136E+06 -0.47454E+06 -0.80202E+06 -0.61136E+06
    0.590    0.580  0.76748E+06  0.00000E+00 -0.52119E+06 -0.47286E+06  0.79944E+06 -0.60934E+06 -0.47286E+06 -0.79944E+06 -0.60934E+06
    0.600    0.590  0.76218E+06  0.00000E+00 -0.51772E+06 -0.47405E+06  0.80189E+06 -0.61116E+06 -0.47405E+06 -0.80189E+06 -0.61116E+06
    0.610    0.600  0.76896E+06  0.00000E+00 -0.52247E+06 -0.47208E+06  0.79896E+06 -0.60887E+06 -0.47208E+06 -0.79896E+06 -0.60887E+06
    0.620    0.610  0.76285E+06  0.00000E+00 -0.51839E+06 -0.47343E+06  0.80182E+06 -0.61100E+06 -0.47343E+06 -0.80182E+06 -0.61100E+06
    0.630    0.620  0.77039E+06  0.00000E+00 -0.52359E+06 -0.47124E+06  0.79859E+06 -0.60848E+06 -0.47124E+06 -0.79859E+06 -0.60848E+06
    0.640    0.630  0.76352E+06  0.00000E+00 -0.51893E+06 -0.47276E+06  0.80181E+06 -0.61090E+06 -0.47276E+06 -0.80181E+06 -0.61090E+06
    0.650    0.640  0.77159E+06  0.00000E+00 -0.52444E+06 -0.47043E+06  0.79835E+06 -0.60822E+06 -0.47043E+06 -0.79835E+06 -0.60822E+06
    0.660    0.650  0.76396E+06  0.00000E+00 -0.51919E+06 -0.47216E+06  0.80193E+06 -0.61090E+06 -0.47216E+06 -0.80193E+06 -0.61090E+06
    0.670    0.660  0.77223E+06  0.00000E+00 -0.52478E+06 -0.46979E+06  0.79837E+06 -0.60815E+06 -0.46979E+06 -0.79837E+06 -0.60815E+06
    0.680    0.670  0.76369E+06  0.00000E+00 -0.51888E+06 -0.47178E+06  0.80233E+06 -0.61113E+06 -0.47178E+06 -0.80233E+06 -0.61113E+06
    0.690    0.680  0.77167E+06  0.00000E+00 -0.52424E+06 -0.46953E+06  0.79887E+06 -0.60846E+06 -0.46953E+06 -0.79887E+06 -0.60846E+06
    0.700    0.690  0.76193E+06  0.00000E+00 -0.51749E+06 -0.47189E+06  0.80334E+06 -0.61183E+06 -0.47189E+06 -0.80334E+06 -0.61183E+06
    0.710    0.700  0.76895E+06  0.00000E+00 -0.52218E+06 -0.46996E+06  0.80027E+06 -0.60945E+06 -0.46996E+06 -0.80027E+06 -0.60945E+06
    0.720    0.710  0.75757E+06  0.00000E+00 -0.51430E+06 -0.47280E+06  0.80543E+06 -0.61335E+06 -0.47280E+06 -0.80543E+06 -0.61335E+06
    0.730    0.720  0.76286E+06  0.00000E+00 -0.51781E+06 -0.47140E+06  0.80309E+06 -0.61153E+06 -0.47140E+06 -0.80309E+06 -0.61153E+06
    0.740    0.730  0.74934E+06  0.00000E+00 -0.50851E+06 -0.47489E+06  0.80916E+06 -0.61612E+06 -0.47489E+06 -0.80916E+06 -0.61612E+06
    0.750    0.740  0.75219E+06  0.00000E+00 -0.51037E+06 -0.47421E+06  0.80787E+06 -0.61511E+06 -0.47421E+06 -0.80787E+06 -0.61511E+06
    0.760    0.750  0.73620E+06  0.00000E+00 -0.49942E+06 -0.47843E+06  0.81500E+06 -0.62050E+06 -0.47843E+06 -0.81500E+06 -0.62050E+06
    0.770    0.760  0.73616E+06  0.00000E+00 -0.49936E+06 -0.47859E+06  0.81497E+06 -0.62043E+06 -0.47859E+06 -0.81497E+06 -0.62043E+06
    0.780    0.770  0.71779E+06  0.00000E+00 -0.48684E+06 -0.48352E+06  0.82313E+06 -0.62661E+06 -0.48352E+06 -0.82313E+06 -0.62661E+06
    0.790    0.780  0.71494E+06  0.00000E+00 -0.48493E+06 -0.48449E+06  0.82432E+06 -0.62746E+06 -0.48449E+06 -0.82432E+06 -0.62746E+06
    0.800    0.790  0.69485E+06  0.00000E+00 -0.47130E+06 -0.48994E+06  0.83323E+06 -0.63419E+06 -0.48994E+06 -0.83323E+06 -0.63419E+06
    0.810    0.800  0.68991E+06  0.00000E+00 -0.46802E+06 -0.49151E+06  0.83532E+06 -0.63572E+06 -0.49151E+06 -0.83532E+06 -0.63572E+06
    0.820    0.810  0.66932E+06  0.00000E+00 -0.45411E+06 -0.49714E+06  0.84444E+06 -0.64260E+06 -0.49714E+06 -0.84444E+06 -0.64260E+06
    0.830    0.820  0.66346E+06  0.00000E+00 -0.45026E+06 -0.49897E+06  0.84693E+06 -0.64441E+06 -0.49897E+06 -0.84693E+06 -0.64441E+06
    0.840    0.830  0.64390E+06  0.00000E+00 -0.43711E+06 -0.50435E+06  0.85558E+06 -0.65091E+06 -0.50435E+06 -0.85558E+06 -0.65091E+06
    0.850    0.840  0.63845E+06  0.00000E+00 -0.43360E+06 -0.50607E+06  0.85786E+06 -0.65255E+06 -0.50607E+06 -0.85786E+06 -0.65255E+06
    0.860    0.850  0.62136E+06  0.00000E+00 -0.42217E+06 -0.51079E+06  0.86541E+06 -0.65819E+06 -0.51079E+06 -0.86541E+06 -0.65819E+06
    0.870    0.860  0.61739E+06  0.00000E+00 -0.41971E+06 -0.51207E+06  0.86704E+06 -0.65931E+06 -0.51207E+06 -0.86704E+06 -0.65931E+06
    0.880    0.870  0.60376E+06  0.00000E+00 -0.41068E+06 -0.51584E+06  0.87306E+06 -0.66376E+06 -0.51584E+06 -0.87306E+06 -0.66376E+06
    0.890    0.880  0.60181E+06  0.00000E+00 -0.40963E+06 -0.51653E+06  0.87381E+06 -0.66420E+06 -0.51653E+06 -0.87381E+06 -0.66420E+06
    0.900    0.890  0.59202E+06  0.00000E+00 -0.40325E+06 -0.51922E+06  0.87814E+06 -0.66735E+06 -0.51922E+06 -0.87814E+06 -0.66735E+06
    0.910    0.900  0.59202E+06  0.00000E+00 -0.40357E+06 -0.51931E+06  0.87806E+06 -0.66713E+06 -0.51931E+06 -0.87806E+06 -0.66713E+06
    0.920    0.910  0.58587E+06  0.00000E+00 -0.39970E+06 -0.52096E+06  0.88080E+06 -0.66906E+06 -0.52096E+06 -0.88080E+06 -0.66906E+06
    0.930    0.920  0.58735E+06  0.00000E+00 -0.40106E+06 -0.52057E+06  0.88011E+06 -0.66837E+06 -0.52057E+06 -0.88011E+06 -0.66837E+06
    0.940    0.930  0.58431E+06  0.00000E+00 -0.39934E+06 -0.52133E+06  0.88152E+06 -0.66927E+06 -0.52133E+06 -0.88152E+06 -0.66927E+06
    0.950    0.940  0.58658E+06  0.00000E+00 -0.40126E+06 -0.52064E+06  0.88054E+06 -0.66836E+06 -0.52064E+06 -0.88054E+06 -0.66836E+06
    0.960    0.950  0.58602E+06  0.00000E+00 -0.40125E+06 -0.52068E+06  0.88090E+06 -0.66845E+06 -0.52068E+06 -0.88090E+06 -0.66845E+06
    0.970    0.960  0.58844E+06  0.00000E+00 -0.40328E+06 -0.51989E+06  0.87991E+06 -0.66753E+06 -0.51989E+06 -0.87991E+06 -0.66753E+06
    0.980    0.970  0.58979E+06  0.00000E+00 -0.40459E+06 -0.51937E+06  0.87946E+06 -0.66702E+06 -0.51937E+06 -0.87946E+06 -0.66702E+06
    0.990    0.980  0.59188E+06  0.00000E+00 -0.40640E+06 -0.51862E+06  0.87867E+06 -0.66626E+06 -0.51862E+06 -0.87867E+06 -0.66626E+06
    1.000    0.990  0.59472E+06  0.00000E+00 -0.40872E+06 -0.51768E+06  0.87758E+06 -0.66527E+06 -0.51768E+06 -0.87758E+06 -0.66527E+06
    1.010    1.000  0.59618E+06  0.00000E+00 -0.41008E+06 -0.51707E+06  0.87712E+06 -0.66476E+06 -0.51707E+06 -0.87712E+06 -0.66476E+06
    1.020    1.010  0.60024E+06  0.00000E+00 -0.41323E+06 -0.51580E+06  0.87548E+06 -0.66337E+06 -0.51580E+06 -0.87548E+06 -0.66337E+06
    1.030    1.020  0.60093E+06  0.00000E+00 -0.41403E+06 -0.51539E+06  0.87537E+06 -0.66314E+06 -0.51539E+06 -0.87537E+06 -0.66314E+06
    1.040    1.030  0.60604E+06  0.00000E+00 -0.41788E+06 -0.51386E+06  0.87325E+06 -0.66139E+06 -0.51386E+06 -0.87325E+06 -0.66139E+06
    1.050    1.040  0.60592E+06  0.00000E+00 -0.41809E+06 -0.51369E+06  0.87349E+06 -0.66144E+06 -0.51369E+06 -0.87349E+06 -0.66144E+06
    1.060    1.050  0.61198E+06  0.00000E+00 -0.42256E+06 -0.51195E+06  0.87090E+06 -0.65936E+06 -0.51195E+06 -0.87090E+06 -0.65936E+06
    1.070    1.060  0.61108E+06  0.00000E+00 -0.42217E+06 -0.51203E+06  0.87147E+06 -0.65966E+06 -0.51203E+06 -0.87147E+06 -0.65966E+06
    1.080    1.069  0.61800E+06  0.00000E+00 -0.42720E+06 -0.51013E+06  0.86845E+06 -0.65727E+06 -0.51013E+06 -0.86845E+06 -0.65727E+06
    1.090    1.079  0.61638E+06  0.00000E+00 -0.42627E+06 -0.51046E+06  0.86930E+06 -0.65780E+06 -0.51046E+06 -0.86930E+06 -0.65780E+06
    1.100    1.089  0.62407E+06  0.00000E+00 -0.43178E+06 -0.50843E+06  0.86589E+06 -0.65512E+06 -0.50843E+06 -0.86589E+06 -0.65512E+06
    1.110    1.099  0.62183E+06  0.00000E+00 -0.43036E+06 -0.50901E+06  0.86699E+06 -0.65586E+06 -0.50901E+06 -0.86699E+06 -0.65586E+06
    1.120    1.109  0.63020E+06  0.00000E+00 -0.43630E+06 -0.50688E+06  0.86324E+06 -0.65292E+06 -0.50688E+06 -0.86324E+06 -0.65292E+06
    1.130    1.119  0.62742E+06  0.00000E+00 -0.43446E+06 -0.50770E+06  0.86457E+06 -0.65384E+06 -0.50770E+06 -0.86457E+06 -0.65384E+06
    1.140    1.129  0.63638E+06  0.00000E+00 -0.44076E+06 -0.50550E+06  0.86053E+06 -0.65070E+06 -0.50550E+06 -0.86053E+06 -0.65070E+06
    1.150    1.139  0.63316E+06  0.00000E+00 -0.43857E+06 -0.50652E+06  0.86206E+06 -0.65177E+06 -0.50652E+06 -0.86206E+06 -0.65177E+06
    1.160    1.149  0.64259E+06  0.00000E+00 -0.44517E+06 -0.50428E+06  0.85781E+06 -0.64847E+06 -0.50428E+06 -0.85781E+06 -0.64847E+06
    1.170    1.159  0.63903E+06  0.00000E+00 -0.44271E+06 -0.50546E+06  0.85950E+06 -0.64966E+06 -0.50546E+06 -0.85950E+06 -0.64966E+06
    1.180    1.169  0.64882E+06  0.00000E+00 -0.44953E+06 -0.50319E+06  0.85509E+06 -0.64624E+06 -0.50319E+06 -0.85509E+06 -0.64624E+06
    1.190    1.179  0.64503E+06  0.00000E+00 -0.44689E+06 -0.50448E+06  0.85690E+06 -0.64752E+06 -0.50448E+06 -0.85690E+06 -0.64752E+06
    1.200    1.189  0.65505E+06  0.00000E+00 -0.45385E+06 -0.50217E+06  0.85239E+06 -0.64403E+06 -0.50217E+06 -0.85239E+06 -0.64403E+06
    1.210    1.199  0.65114E+06  0.00000E+00 -0.45111E+06 -0.50352E+06  0.85428E+06 -0.64536E+06 -0.50352E+06 -0.85428E+06 -0.64536E+06
    1.220    1.209  0.66127E+06  0.00000E+00 -0.45815E+06 -0.50117E+06  0.84973E+06 -0.64183E+06 -0.50117E+06 -0.84973E+06 -0.64183E+06
    1.230    1.219  0.65733E+06  0.00000E+00 -0.45539E+06 -0.50251E+06  0.85164E+06 -0.64318E+06 -0.50251E+06 -0.85164E+06 -0.64318E+06
    1.240    1.229  0.66744E+06  0.00000E+00 -0.46243E+06 -0.50012E+06  0.84709E+06 -0.63964E+06 -0.50012E+06 -0.84709E+06 -0.63964E+06
    1.250    1.239  0.66358E+06  0.00000E+00 -0.45975E+06 -0.50139E+06  0.84898E+06 -0.64096E+06 -0.50139E+06 -0.84898E+06 -0.64096E+06
    1.260    1.249  0.67356E+06  0.00000E+00 -0.46671E+06 -0.49897E+06  0.84449E+06 -0.63747E+06 -0.49897E+06 -0.84449E+06 -0.63747E+06
    1.270    1.259  0.66987E+06  0.00000E+00 -0.46418E+06 -0.50012E+06  0.84629E+06 -0.63872E+06 -0.50012E+06 -0.84629E+06 -0.63872E+06
    1.280    1.269  0.67959E+06  0.00000E+00 -0.47100E+06 -0.49768E+06  0.84192E+06 -0.63532E+06 -0.49768E+06 -0.84192E+06 -0.63532E+06
    1.290    1.279  0.67619E+06  0.00000E+00 -0.46870E+06 -0.49867E+06  0.84360E+06 -0.63648E+06 -0.49867E+06 -0.84360E+06 -0.63648E+06
    1.300    1.289  0.68555E+06  0.00000E+00 -0.47531E+06 -0.49624E+06  0.83940E+06 -0.63320E+06 -0.49624E+06 -0.83940E+06 -0.63320E+06
    1.310    1.299  0.68251E+06  0.00000E+00 -0.47331E+06 -0.49705E+06  0.84093E+06 -0.63424E+06 -0.49705E+06 -0.84093E+06 -0.63424E+06
    1.320    1.309  0.69141E+06  0.00000E+00 -0.47964E+06 -0.49466E+06  0.83696E+06 -0.63114E+06 -0.49466E+06 -0.83696E+06 -0.63114E+06
    1.330    1.319  0.68882E+06  0.00000E+00 -0.47800E+06 -0.49528E+06  0.83830E+06 -0.63204E+06 -0.49528E+06 -0.83830E+06 -0.63204E+06
    1.340    1.329  0.69715E+06  0.00000E+00 -0.48398E+06 -0.49297E+06  0.83461E+06 -0.62916E+06 -0.49297E+06 -0.83461E+06 -0.62916E+06
    1.350    1.339  0.69509E+06  0.00000E+00 -0.48274E+06 -0.49340E+06  0.83573E+06 -0.62990E+06 -0.49340E+06 -0.83573E+06 -0.62990E+06
    1.360    1.349  0.70277E+06  0.00000E+00 -0.48832E+06 -0.49122E+06  0.83237E+06 -0.62727E+06 -0.49122E+06 -0.83237E+06 -0.62727E+06
    1.370    1.359  0.70127E+06  0.00000E+00 -0.48751E+06 -0.49146E+06  0.83325E+06 -0.62783E+06 -0.49146E+06 -0.83325E+06 -0.62783E+06
    1.380    1.369  0.70819E+06  0.00000E+00 -0.49259E+06 -0.48946E+06  0.83025E+06 -0.62548E+06 -0.48946E+06 -0.83025E+06 -0.62548E+06
    1.390    1.379  0.70728E+06  0.00000E+00 -0.49221E+06 -0.48954E+06  0.83087E+06 -0.62586E+06 -0.48954E+06 -0.83087E+06 -0.62586E+06
    1.400    1.389  0.71334E+06  0.00000E+00 -0.49672E+06 -0.48776E+06  0.82827E+06 -0.62382E+06 -0.48776E+06 -0.82827E+06 -0.62382E+06
    1.410    1.399  0.71299E+06  0.00000E+00 -0.49675E+06 -0.48770E+06  0.82862E+06 -0.62400E+06 -0.48770E+06 -0.82862E+06 -0.62400E+06
    1.420    1.409  0.71806E+06  0.00000E+00 -0.50058E+06 -0.48619E+06  0.82645E+06 -0.62230E+06 -0.48619E+06 -0.82645E+06 -0.62230E+06
    1.430    1.419  0.71821E+06  0.00000E+00 -0.50096E+06 -0.48603E+06  0.82655E+06 -0.62230E+06 -0.48603E+06 -0.82655E+06 -0.62230E+06
    1.440    1.429  0.72215E+06  0.00000E+00 -0.50399E+06 -0.48485E+06  0.82488E+06 -0.62098E+06 -0.48485E+06 -0.82488E+06 -0.62098E+06
    1.450    1.439  0.72267E+06  0.00000E+00 -0.50462E+06 -0.48463E+06  0.82476E+06 -0.62083E+06 -0.48463E+06 -0.82476E+06 -0.62083E+06
    1.460    1.449  0.72531E+06  0.00000E+00 -0.50672E+06 -0.48385E+06  0.82365E+06 -0.61993E+06 -0.48385E+06 -0.82365E+06 -0.61993E+06
    1.470    1.459  0.72604E+06  0.00000E+00 -0.50748E+06 -0.48362E+06  0.82340E+06 -0.61968E+06 -0.48362E+06 -0.82340E+06 -0.61968E+06
    1.480    1.469  0.72719E+06  0.00000E+00 -0.50850E+06 -0.48329E+06  0.82294E+06 -0.61928E+06 -0.48329E+06 -0.82294E+06 -0.61928E+06
    1.490    1.479  0.72794E+06  0.00000E+00 -0.50924E+06 -0.48313E+06  0.82264E+06 -0.61900E+06 -0.48313E+06 -0.82264E+06 -0.61900E+06
    1.500    1.489  0.72742E+06  0.00000E+00 -0.50905E+06 -0.48331E+06  0.82292E+06 -0.61916E+06 -0.48331E+06 -0.82292E+06 -0.61916E+06
    1.510    1.499  0.72797E+06  0.00000E+00 -0.50960E+06 -0.48327E+06  0.82268E+06 -0.61893E+06 -0.48327E+06 -0.82268E+06 -0.61893E+06
    1.520    1.509  0.72562E+06  0.00000E+00 -0.50808E+06 -0.48402E+06  0.82379E+06 -0.61972E+06 -0.48402E+06 -0.82379E+06 -0.61972E+06
    1.530    1.519  0.72580E+06  0.00000E+00 -0.50833E+06 -0.48415E+06  0.82372E+06 -0.61961E+06 -0.48415E+06 -0.82372E+06 -0.61961E+06
    1.540    1.529  0.72155E+06  0.00000E+00 -0.50543E+06 -0.48547E+06  0.82571E+06 -0.62105E+06 -0.48547E+06 -0.82571E+06 -0.62105E+06
    1.550    1.538  0.72124E+06  0.00000E+00 -0.50530E+06 -0.48579E+06  0.82586E+06 -0.62111E+06 -0.48579E+06 -0.82586E+06 -0.62111E+06
    1.560    1.548  0.71513E+06  0.00000E+00 -0.50104E+06 -0.48766E+06  0.82873E+06 -0.62321E+06 -0.48766E+06 -0.82873E+06 -0.62321E+06
    1.570    1.558  0.71433E+06  0.00000E+00 -0.50053E+06 -0.48815E+06  0.82912E+06 -0.62343E+06 -0.48815E+06 -0.82912E+06 -0.62343E+06
    1.580    1.568  0.70652E+06  0.00000E+00 -0.49505E+06 -0.49051E+06  0.83279E+06 -0.62613E+06 -0.49051E+06 -0.83279E+06 -0.62613E+06
    1.590    1.578  0.70537E+06  0.00000E+00 -0.49428E+06 -0.49112E+06  0.83335E+06 -0.62647E+06 -0.49112E+06 -0.83335E+06 -0.62647E+06
    1.600    1.588  0.69620E+06  0.00000E+00 -0.48782E+06 -0.49384E+06  0.83767E+06 -0.62964E+06 -0.49384E+06 -0.83767E+06 -0.62964E+06
    1.610    1.598  0.69495E+06  0.00000E+00 -0.48697E+06 -0.49446E+06  0.83828E+06 -0.63001E+06 -0.49446E+06 -0.83828E+06 -0.63001E+06
    1.620    1.608  0.68488E+06  0.00000E+00 -0.47988E+06 -0.49740E+06  0.84303E+06 -0.63349E+06 -0.49740E+06 -0.84303E+06 -0.63349E+06
    1.630    1.618  0.68390E+06  0.00000E+00 -0.47922E+06 -0.49791E+06  0.84352E+06 -0.63376E+06 -0.49791E+06 -0.84352E+06 -0.63376E+06
    1.640    1.628  0.67348E+06  0.00000E+00 -0.47189E+06 -0.50089E+06  0.84844E+06 -0.63736E+06 -0.50089E+06 -0.84844E+06 -0.63736E+06
    1.650    1.638  0.67317E+06  0.00000E+00 -0.47172E+06 -0.50114E+06  0.84863E+06 -0.63739E+06 -0.50114E+06 -0.84863E+06 -0.63739E+06
    1.660    1.648  0.66297E+06  0.00000E+00 -0.46457E+06 -0.50400E+06  0.85347E+06 -0.64090E+06 -0.50400E+06 -0.85347E+06 -0.64090E+06
    1.670    1.658  0.66372E+06  0.00000E+00 -0.46516E+06 -0.50389E+06  0.85318E+06 -0.64057E+06 -0.50389E+06 -0.85318E+06 -0.64057E+06
    1.680    1.668  0.65425E+06  0.00000E+00 -0.45856E+06 -0.50647E+06  0.85770E+06 -0.64383E+06 -0.50647E+06 -0.85770E+06 -0.64383E+06
    1.690    1.678  0.65634E+06  0.00000E+00 -0.46013E+06 -0.50593E+06  0.85681E+06 -0.64303E+06 -0.50593E+06 -0.85681E+06 -0.64303E+06
    1.700    1.688  0.64803E+06  0.00000E+00 -0.45438E+06 -0.50813E+06  0.86083E+06 -0.64591E+06 -0.50813E+06 -0.86083E+06 -0.64591E+06
    1.710    1.698  0.65161E+06  0.00000E+00 -0.45704E+06 -0.50712E+06  0.85929E+06 -0.64462E+06 -0.50712E+06 -0.85929E+06 -0.64462E+06
    1.720    1.708  0.64470E+06  0.00000E+00 -0.45232E+06 -0.50889E+06  0.86270E+06 -0.64703E+06 -0.50889E+06 -0.86270E+06 -0.64703E+06
    1.730    1.718  0.64977E+06  0.00000E+00 -0.45608E+06 -0.50743E+06  0.86051E+06 -0.64525E+06 -0.50743E+06 -0.86051E+06 -0.64525E+06
    1.740    1.728  0.64438E+06  0.00000E+00 -0.45247E+06 -0.50876E+06  0.86326E+06 -0.64717E+06 -0.50876E+06 -0.86326E+06 -0.64717E+06
    1.750    1.738  0.65080E+06  0.00000E+00 -0.45723E+06 -0.50693E+06  0.86050E+06 -0.64495E+06 -0.50693E+06 -0.86050E+06 -0.64495E+06
    1.760    1.748  0.64690E+06  0.00000E+00 -0.45471E+06 -0.50784E+06  0.86259E+06 -0.64639E+06 -0.50784E+06 -0.86259E+06 -0.64639E+06
    1.770    1.758  0.65441E+06  0.00000E+00 -0.46028E+06 -0.50572E+06  0.85936E+06 -0.64382E+06 -0.50572E+06 -0.85936E+06 -0.64382E+06
    1.780    1.768  0.65189E+06  0.00000E+00 -0.45877E+06 -0.50628E+06  0.86084E+06 -0.64480E+06 -0.50628E+06 -0.86084E+06 -0.64480E+06
    1.790    1.778  0.66018E+06  0.00000E+00 -0.46493E+06 -0.50396E+06  0.85725E+06 -0.64199E+06 -0.50396E+06 -0.85725E+06 -0.64199E+06
    1.800    1.788  0.65885E+06  0.00000E+00 -0.46430E+06 -0.50423E+06  0.85818E+06 -0.64255E+06 -0.50423E+06 -0.85818E+06 -0.64255E+06
    1.810    1.798  0.66760E+06  0.00000E+00 -0.47081E+06 -0.50183E+06  0.85438E+06 -0.63959E+06 -0.50183E+06 -0.85438E+06 -0.63959E+06
    1.820    1.808  0.66730E+06  0.00000E+00 -0.47093E+06 -0.50187E+06  0.85480E+06 -0.63979E+06 -0.50187E+06 -0.85480E+06 -0.63979E+06
    1.830    1.817  0.67618E+06  0.00000E+00 -0.47757E+06 -0.49947E+06  0.85090E+06 -0.63676E+06 -0.49947E+06 -0.85090E+06 -0.63676E+06
    1.840    1.827  0.67676E+06  0.00000E+00 -0.47832E+06 -0.49933E+06  0.85088E+06 -0.63664E+06 -0.49933E+06 -0.85088E+06 -0.63664E+06
    1.850    1.837  0.68552E+06  0.00000E+00 -0.48488E+06 -0.49701E+06  0.84700E+06 -0.63364E+06 -0.49701E+06 -0.84700E+06 -0.63364E+06
    1.860    1.847  0.68686E+06  0.00000E+00 -0.48616E+06 -0.49672E+06  0.84657E+06 -0.63323E+06 -0.49672E+06 -0.84657E+06 -0.63323E+06
    1.870    1.857  0.69529E+06  0.00000E+00 -0.49247E+06 -0.49455E+06  0.84280E+06 -0.63032E+06 -0.49455E+06 -0.84280E+06 -0.63032E+06
    1.880    1.867  0.69730E+06  0.00000E+00 -0.49421E+06 -0.49414E+06  0.84202E+06 -0.62965E+06 -0.49414E+06 -0.84202E+06 -0.62965E+06
    1.890    1.877  0.70526E+06  0.00000E+00 -0.50016E+06 -0.49215E+06  0.83843E+06 -0.62690E+06 -0.49215E+06 -0.83843E+06 -0.62690E+06
    1.900    1.887  0.70789E+06  0.00000E+00 -0.50231E+06 -0.49163E+06  0.83733E+06 -0.62599E+06 -0.49163E+06 -0.83733E+06 -0.62599E+06
    1.910    1.897  0.71526E+06  0.00000E+00 -0.50781E+06 -0.48984E+06  0.83400E+06 -0.62343E+06 -0.48984E+06 -0.83400E+06 -0.62343E+06
    1.920    1.907  0.71850E+06  0.00000E+00 -0.51034E+06 -0.48921E+06  0.83259E+06 -0.62231E+06 -0.48921E+06 -0.83259E+06 -0.62231E+06
    1.930    1.917  0.72523E+06  0.00000E+00 -0.51532E+06 -0.48764E+06  0.82956E+06 -0.61998E+06 -0.48764E+06 -0.82956E+06 -0.61998E+06
    1.940    1.927  0.72905E+06  0.00000E+00 -0.51821E+06 -0.48688E+06  0.82787E+06 -0.61866E+06 -0.48688E+06 -0.82787E+06 -0.61866E+06
    1.950    1.937  0.73511E+06  0.00000E+00 -0.52264E+06 -0.48552E+06  0.82518E+06 -0.61658E+06 -0.48552E+06 -0.82518E+06 -0.61658E+06
    1.960    1.947  0.73952E+06  0.00000E+00 -0.52588E+06 -0.48462E+06  0.82322E+06 -0.61506E+06 -0.48462E+06 -0.82322E+06 -0.61506E+06
    1.970    1.957  0.74489E+06  0.00000E+00 -0.52975E+06 -0.48345E+06  0.82087E+06 -0.61324E+06 -0.48345E+06 -0.82087E+06 -0.61324E+06
    1.980    1.967  0.74988E+06  0.00000E+00 -0.53334E+06 -0.48238E+06  0.81866E+06 -0.61152E+06 -0.48238E+06 -0.81866E+06 -0.61152E+06
    1.990    1.977  0.75456E+06  0.00000E+00 -0.53664E+06 -0.48138E+06  0.81666E+06 -0.60996E+06 -0.48138E+06 -0.81666E+06 -0.60996E+06
    2.000    1.987  0.76013E+06  0.00000E+00 -0.54057E+06 -0.48014E+06  0.81420E+06 -0.60806E+06 -0.48014E+06 -0.81420E+06 -0.60806E+06
    2.010    1.997  0.76414E+06  0.00000E+00 -0.54333E+06 -0.47928E+06  0.81253E+06 -0.60675E+06 -0.47928E+06 -0.81253E+06 -0.60675E+06
    2.020    2.007  0.77025E+06  0.00000E+00 -0.54759E+06 -0.47784E+06  0.80983E+06 -0.60467E+06 -0.47784E+06 -0.80983E+06 -0.60467E+06
    2.030    2.017  0.77360E+06  0.00000E+00 -0.54983E+06 -0.47710E+06  0.80849E+06 -0.60361E+06 -0.47710E+06 -0.80849E+06 -0.60361E+06
    2.040    2.027  0.78021E+06  0.00000E+00 -0.55440E+06 -0.47546E+06  0.80555E+06 -0.60135E+06 -0.47546E+06 -0.80555E+06 -0.60135E+06
    2.050    2.036  0.78293E+06  0.00000E+00 -0.55614E+06 -0.47483E+06  0.80453E+06 -0.60052E+06 -0.47483E+06 -0.80453E+06 -0.60052E+06
    2.060    2.046  0.78999E+06  0.00000E+00 -0.56101E+06 -0.47300E+06  0.80139E+06 -0.59811E+06 -0.47300E+06 -0.80139E+06 -0.59811E+06
    2.070    2.056  0.79210E+06  0.00000E+00 -0.56230E+06 -0.47247E+06  0.80066E+06 -0.59751E+06 -0.47247E+06 -0.80066E+06 -0.59751E+06
    2.080    2.066  0.79955E+06  0.00000E+00 -0.56743E+06 -0.47047E+06  0.79734E+06 -0.59497E+06 -0.47047E+06 -0.79734E+06 -0.59497E+06
    2.090    2.076  0.80107E+06  0.00000E+00 -0.56830E+06 -0.47004E+06  0.79689E+06 -0.59457E+06 -0.47004E+06 -0.79689E+06 -0.59457E+06
    2.100    2.086  0.80882E+06  0.00000E+00 -0.57366E+06 -0.46790E+06  0.79344E+06 -0.59193E+06 -0.46790E+06 -0.79344E+06 -0.59193E+06
    2.110    2.096  0.80979E+06  0.00000E+00 -0.57416E+06 -0.46757E+06  0.79325E+06 -0.59174E+06 -0.46757E+06 -0.79325E+06 -0.59174E+06
    2.120    2.106  0.81776E+06  0.00000E+00 -0.57970E+06 -0.46533E+06  0.78969E+06 -0.58903E+06 -0.46533E+06 -0.78969E+06 -0.58903E+06
    2.130    2.116  0.81820E+06  0.00000E+00 -0.57987E+06 -0.46511E+06  0.78974E+06 -0.58902E+06 -0.46511E+06 -0.78974E+06 -0.58902E+06
    2.140    2.126  0.82629E+06  0.00000E+00 -0.58554E+06 -0.46282E+06  0.78612E+06 -0.58627E+06 -0.46282E+06 -0.78612E+06 -0.58627E+06
    2.150    2.136  0.82624E+06  0.00000E+00 -0.58541E+06 -0.46272E+06  0.78639E+06 -0.58643E+06 -0.46272E+06 -0.78639E+06 -0.58643E+06
    2.160    2.146  0.83433E+06  0.00000E+00 -0.59115E+06 -0.46042E+06  0.78274E+06 -0.58367E+06 -0.46042E+06 -0.78274E+06 -0.58367E+06
    2.170    2.156  0.83381E+06  0.00000E+00 -0.59075E+06 -0.46044E+06  0.78320E+06 -0.58398E+06 -0.46044E+06 -0.78320E+06 -0.58398E+06
    2.180    2.166  0.84180E+06  0.00000E+00 -0.59647E+06 -0.45817E+06  0.77957E+06 -0.58124E+06 -0.45817E+06 -0.77957E+06 -0.58124E+06
    2.190    2.176  0.84084E+06  0.00000E+00 -0.59582E+06 -0.45833E+06  0.78019E+06 -0.58168E+06 -0.45833E+06 -0.78019E+06 -0.58168E+06
    2.200    2.186  0.84859E+06  0.00000E+00 -0.60144E+06 -0.45614E+06  0.77664E+06 -0.57901E+06 -0.45614E+06 -0.77664E+06 -0.57901E+06
    2.210    2.196  0.84720E+06  0.00000E+00 -0.60054E+06 -0.45644E+06  0.77741E+06 -0.57956E+06 -0.45644E+06 -0.77741E+06 -0.57956E+06
    2.220    2.206  0.85457E+06  0.00000E+00 -0.60594E+06 -0.45439E+06  0.77399E+06 -0.57699E+06 -0.45439E+06 -0.77399E+06 -0.57699E+06
    2.230    2.215  0.85274E+06  0.00000E+00 -0.60478E+06 -0.45483E+06  0.77491E+06 -0.57767E+06 -0.45483E+06 -0.77491E+06 -0.57767E+06
    2.240    2.225  0.85958E+06  0.00000E+00 -0.60984E+06 -0.45296E+06  0.77168E+06 -0.57525E+06 -0.45296E+06 -0.77168E+06 -0.57525E+06
    2.250    2.235  0.85731E+06  0.00000E+00 -0.60839E+06 -0.45356E+06  0.77275E+06 -0.57605E+06 -0.45356E+06 -0.77275E+06 -0.57605E+06
    2.260    2.245  0.86346E+06  0.00000E+00 -0.61298E+06 -0.45191E+06  0.76980E+06 -0.57385E+06 -0.45191E+06 -0.76980E+06 -0.57385E+06
    2.270    2.255  0.86072E+06  0.00000E+00 -0.61121E+06 -0.45269E+06  0.77105E+06 -0.57478E+06 -0.45269E+06 -0.77105E+06 -0.57478E+06
    2.280    2.265  0.86602E+06  0.00000E+00 -0.61520E+06 -0.45131E+06  0.76847E+06 -0.57285E+06 -0.45131E+06 -0.76847E+06 -0.57285E+06
    2.290    2.275  0.86281E+06  0.00000E+00 -0.61308E+06 -0.45226E+06  0.76992E+06 -0.57393E+06 -0.45226E+06 -0.76992E+06 -0.57393E+06
    2.300    2.285  0.86712E+06  0.00000E+00 -0.61634E+06 -0.45119E+06  0.76778E+06 -0.57234E+06 -0.45119E+06 -0.76778E+06 -0.57234E+06
    2.310    2.295  0.86342E+06  0.00000E+00 -0.61383E+06 -0.45232E+06  0.76944E+06 -0.57357E+06 -0.45232E+06 -0.76944E+06 -0.57357E+06
    2.320    2.305  0.86665E+06  0.00000E+00 -0.61627E+06 -0.45159E+06  0.76782E+06 -0.57236E+06 -0.45159E+06 -0.76782E+06 -0.57236E+06
    2.330    2.315  0.86248E+06  0.00000E+00 -0.61339E+06 -0.45287E+06  0.76970E+06 -0.57376E+06 -0.45287E+06 -0.76970E+06 -0.57376E+06
    2.340    2.325  0.86456E+06  0.00000E+00 -0.61495E+06 -0.45247E+06  0.76863E+06 -0.57296E+06 -0.45247E+06 -0.76863E+06 -0.57296E+06
    2.350    2.335  0.85999E+06  0.00000E+00 -0.61173E+06 -0.45389E+06  0.77071E+06 -0.57451E+06 -0.45389E+06 -0.77071E+06 -0.57451E+06
    2.360    2.345  0.86092E+06  0.00000E+00 -0.61240E+06 -0.45381E+06  0.77021E+06 -0.57412E+06 -0.45381E+06 -0.77021E+06 -0.57412E+06
    2.370    2.355  0.85608E+06  0.00000E+00 -0.60892E+06 -0.45531E+06  0.77243E+06 -0.57577E+06 -0.45531E+06 -0.77243E+06 -0.57577E+06
    2.380    2.364  0.85593E+06  0.00000E+00 -0.60875E+06 -0.45552E+06  0.77247E+06 -0.57578E+06 -0.45552E+06 -0.77247E+06 -0.57578E+06
    2.390    2.374  0.85099E+06  0.00000E+00 -0.60514E+06 -0.45703E+06  0.77477E+06 -0.57747E+06 -0.45703E+06 -0.77477E+06 -0.57747E+06
    2.400    2.384  0.84990E+06  0.00000E+00 -0.60424E+06 -0.45747E+06  0.77528E+06 -0.57783E+06 -0.45747E+06 -0.77528E+06 -0.57783E+06
    2.410    2.394  0.84507E+06  0.00000E+00 -0.60066E+06 -0.45892E+06  0.77754E+06 -0.57949E+06 -0.45892E+06 -0.77754E+06 -0.57949E+06
    2.420    2.404  0.84323E+06  0.00000E+00 -0.59919E+06 -0.45952E+06  0.77844E+06 -0.58012E+06 -0.45952E+06 -0.77844E+06 -0.58012E+06
    2.430    2.414  0.83877E+06  0.00000E+00 -0.59584E+06 -0.46082E+06  0.78055E+06 -0.58166E+06 -0.46082E+06 -0.78055E+06 -0.58166E+06
    2.440    2.424  0.83642E+06  0.00000E+00 -0.59397E+06 -0.46151E+06  0.78171E+06 -0.58248E+06 -0.46151E+06 -0.78171E+06 -0.58248E+06
    2.450    2.434  0.83260E+06  0.00000E+00 -0.59107E+06 -0.46259E+06  0.78354E+06 -0.58380E+06 -0.46259E+06 -0.78354E+06 -0.58380E+06
    2.460    2.444  0.82999E+06  0.00000E+00 -0.58900E+06 -0.46329E+06  0.78486E+06 -0.58474E+06 -0.46329E+06 -0.78486E+06 -0.58474E+06
    2.470    2.454  0.82705E+06  0.00000E+00 -0.58673E+06 -0.46407E+06  0.78629E+06 -0.58575E+06 -0.46407E+06 -0.78629E+06 -0.58575E+06
    2.480    2.464  0.82441E+06  0.00000E+00 -0.58465E+06 -0.46473E+06  0.78766E+06 -0.58671E+06 -0.46473E+06 -0.78766E+06 -0.58671E+06
    2.490    2.474  0.82257E+06  0.00000E+00 -0.58319E+06 -0.46517E+06  0.78859E+06 -0.58735E+06 -0.46517E+06 -0.78859E+06 -0.58735E+06
    2.500    2.484  0.82012E+06  0.00000E+00 -0.58127E+06 -0.46574E+06  0.78990E+06 -0.58827E+06 -0.46574E+06 -0.78990E+06 -0.58827E+06
    2.510    2.493  0.81954E+06  0.00000E+00 -0.58075E+06 -0.46580E+06  0.79026E+06 -0.58848E+06 -0.46580E+06 -0.79026E+06 -0.58848E+06
    2.520    2.503  0.81742E+06  0.00000E+00 -0.57911E+06 -0.46625E+06  0.79143E+06 -0.58929E+06 -0.46625E+06 -0.79143E+06 -0.58929E+06
    2.530    2.513  0.81818E+06  0.00000E+00 -0.57959E+06 -0.46593E+06  0.79118E+06 -0.58905E+06 -0.46593E+06 -0.79118E+06 -0.58905E+06
    2.540    2.523  0.81650E+06  0.00000E+00 -0.57832E+06 -0.46624E+06  0.79216E+06 -0.58972E+06 -0.46624E+06 -0.79216E+06 -0.58972E+06
    2.550    2.533  0.81862E+06  0.00000E+00 -0.57982E+06 -0.46556E+06  0.79129E+06 -0.58901E+06 -0.46556E+06 -0.79129E+06 -0.58901E+06
    2.560    2.543  0.81742E+06  0.00000E+00 -0.57894E+06 -0.46575E+06  0.79205E+06 -0.58951E+06 -0.46575E+06 -0.79205E+06 -0.58951E+06
    2.570    2.553  0.82083E+06  0.00000E+00 -0.58143E+06 -0.46473E+06  0.79056E+06 -0.58835E+06 -0.46473E+06 -0.79056E+06 -0.58835E+06
    2.580    2.563  0.82010E+06  0.00000E+00 -0.58095E+06 -0.46481E+06  0.79109E+06 -0.58869E+06 -0.46481E+06 -0.79109E+06 -0.58869E+06
    2.590    2.573  0.82469E+06  0.00000E+00 -0.58432E+06 -0.46350E+06  0.78904E+06 -0.58712E+06 -0.46350E+06 -0.78904E+06 -0.58712E+06
    2.600    2.583  0.82438E+06  0.00000E+00 -0.58419E+06 -0.46350E+06  0.78934E+06 -0.58730E+06 -0.46350E+06 -0.78934E+06 -0.58730E+06
    2.610    2.593  0.82998E+06  0.00000E+00 -0.58834E+06 -0.46195E+06  0.78678E+06 -0.58535E+06 -0.46195E+06 -0.78678E+06 -0.58535E+06
    2.620    2.603  0.83001E+06  0.00000E+00 -0.58850E+06 -0.46189E+06  0.78689E+06 -0.58540E+06 -0.46189E+06 -0.78689E+06 -0.58540E+06
    2.630    2.613  0.83644E+06  0.00000E+00 -0.59328E+06 -0.46015E+06  0.78390E+06 -0.58314E+06 -0.46015E+06 -0.78390E+06 -0.58314E+06
    2.640    2.622  0.83672E+06  0.00000E+00 -0.59364E+06 -0.46007E+06  0.78385E+06 -0.58307E+06 -0.46007E+06 -0.78385E+06 -0.58307E+06
    2.650    2.632  0.84378E+06  0.00000E+00 -0.59889E+06 -0.45820E+06  0.78053E+06 -0.58057E+06 -0.45820E+06 -0.78053E+06 -0.58057E+06
    2.660    2.642  0.84423E+06  0.00000E+00 -0.59938E+06 -0.45812E+06  0.78036E+06 -0.58042E+06 -0.45812E+06 -0.78036E+06 -0.58042E+06
    2.670    2.652  0.85173E+06  0.00000E+00 -0.60494E+06 -0.45617E+06  0.77679E+06 -0.57774E+06 -0.45617E+06 -0.77679E+06 -0.57774E+06
    2.680    2.662  0.85228E+06  0.00000E+00 -0.60549E+06 -0.45609E+06  0.77653E+06 -0.57754E+06 -0.45609E+06 -0.77653E+06 -0.57754E+06
    2.690    2.672  0.86003E+06  0.00000E+00 -0.61122E+06 -0.45410E+06  0.77281E+06 -0.57476E+06 -0.45410E+06 -0.77281E+06 -0.57476E+06
    2.700    2.682  0.86063E+06  0.00000E+00 -0.61177E+06 -0.45405E+06  0.77252E+06 -0.57453E+06 -0.45405E+06 -0.77252E+06 -0.57453E+06
    2.710    2.692  0.86848E+06  0.00000E+00 -0.61752E+06 -0.45206E+06  0.76874E+06 -0.57171E+06 -0.45206E+06 -0.76874E+06 -0.57171E+06
    2.720    2.702  0.86909E+06  0.00000E+00 -0.61804E+06 -0.45202E+06  0.76842E+06 -0.57146E+06 -0.45202E+06 -0.76842E+06 -0.57146E+06
    2.730    2.712  0.87690E+06  0.00000E+00 -0.62370E+06 -0.45005E+06  0.76465E+06 -0.56866E+06 -0.45005E+06 -0.76465E+06 -0.56866E+06
    2.740    2.722  0.87753E+06  0.00000E+00 -0.62415E+06 -0.45003E+06  0.76433E+06 -0.56841E+06 -0.45003E+06 -0.76433E+06 -0.56841E+06
    2.750    2.731  0.88519E+06  0.00000E+00 -0.62963E+06 -0.44809E+06  0.76064E+06 -0.56567E+06 -0.44809E+06 -0.76064E+06 -0.56567E+06
    2.760    2.741  0.88582E+06  0.00000E+00 -0.63002E+06 -0.44806E+06  0.76032E+06 -0.56542E+06 -0.44806E+06 -0.76032E+06 -0.56542E+06
    2.770    2.751  0.89324E+06  0.00000E+00 -0.63524E+06 -0.44617E+06  0.75676E+06 -0.56278E+06 -0.44617E+06 -0.75676E+06 -0.56278E+06
    2.780    2.761  0.89391E+06  0.00000E+00 -0.63558E+06 -0.44611E+06  0.75643E+06 -0.56253E+06 -0.44611E+06 -0.75643E+06 -0.56253E+06
    2.790    2.771  0.90101E+06  0.00000E+00 -0.64048E+06 -0.44427E+06  0.75304E+06 -0.56001E+06 -0.44427E+06 -0.75304E+06 -0.56001E+06
    2.800    2.781  0.90174E+06  0.00000E+00 -0.64079E+06 -0.44415E+06  0.75268E+06 -0.55974E+06 -0.44415E+06 -0.75268E+06 -0.55974E+06
    2.810    2.791  0.90845E+06  0.00000E+00 -0.64535E+06 -0.44238E+06  0.74949E+06 -0.55737E+06 -0.44238E+06 -0.74949E+06 -0.55737E+06
    2.820    2.801  0.90928E+06  0.00000E+00 -0.64566E+06 -0.44218E+06  0.74910E+06 -0.55707E+06 -0.44218E+06 -0.74910E+06 -0.55707E+06
    2.830    2.811  0.91553E+06  0.00000E+00 -0.64983E+06 -0.44047E+06  0.74613E+06 -0.55486E+06 -0.44047E+06 -0.74613E+06 -0.55486E+06
    2.840    2.821  0.91648E+06  0.00000E+00 -0.65020E+06 -0.44019E+06  0.74567E+06 -0.55453E+06 -0.44019E+06 -0.74567E+06 -0.55453E+06
    2.850    2.830  0.92223E+06  0.00000E+00 -0.65397E+06 -0.43855E+06  0.74295E+06 -0.55250E+06 -0.43855E+06 -0.74295E+06 -0.55250E+06
    2.860    2.840  0.92331E+06  0.00000E+00 -0.65441E+06 -0.43817E+06  0.74242E+06 -0.55211E+06 -0.43817E+06 -0.74242E+06 -0.55211E+06
    2.870    2.850  0.92850E+06  0.00000E+00 -0.65776E+06 -0.43663E+06  0.73995E+06 -0.55028E+06 -0.43663E+06 -0.73995E+06 -0.55028E+06
    2.880    2.860  0.92972E+06  0.00000E+00 -0.65831E+06 -0.43615E+06  0.73935E+06 -0.54983E+06 -0.43615E+06 -0.73935E+06 -0.54983E+06
    2.890    2.870  0.93429E+06  0.00000E+00 -0.66124E+06 -0.43473E+06  0.73717E+06 -0.54821E+06 -0.43473E+06 -0.73717E+06 -0.54821E+06
    2.900    2.880  0.93564E+06  0.00000E+00 -0.66192E+06 -0.43417E+06  0.73648E+06 -0.54771E+06 -0.43417E+06 -0.73648E+06 -0.54771E+06
    2.910    2.890  0.93955E+06  0.00000E+00 -0.66442E+06 -0.43288E+06  0.73460E+06 -0.54632E+06 -0.43288E+06 -0.73460E+06 -0.54632E+06
    2.920    2.900  0.94102E+06  0.00000E+00 -0.66523E+06 -0.43226E+06  0.73383E+06 -0.54575E+06 -0.43226E+06 -0.73383E+06 -0.54575E+06
    2.930    2.910  0.94421E+06  0.00000E+00 -0.66728E+06 -0.43113E+06  0.73226E+06 -0.54460E+06 -0.43113E+06 -0.73226E+06 -0.54460E+06
    2.940    2.920  0.94577E+06  0.00000E+00 -0.66823E+06 -0.43046E+06  0.73142E+06 -0.54399E+06 -0.43046E+06 -0.73142E+06 -0.54399E+06
    2.950    2.929  0.94821E+06  0.00000E+00 -0.66981E+06 -0.42953E+06  0.73018E+06 -0.54309E+06 -0.42953E+06 -0.73018E+06 -0.54309E+06
    2.960    2.939  0.94983E+06  0.00000E+00 -0.67089E+06 -0.42884E+06  0.72927E+06 -0.54243E+06 -0.42884E+06 -0.72927E+06 -0.54243E+06
    2.970    2.949  0.95147E+06  0.00000E+00 -0.67198E+06 -0.42811E+06  0.72837E+06 -0.54178E+06 -0.42811E+06 -0.72837E+06 -0.54178E+06
    2.980    2.959  0.95311E+06  0.00000E+00 -0.67316E+06 -0.42743E+06  0.72740E+06 -0.54109E+06 -0.42743E+06 -0.72740E+06 -0.54109E+06
    2.990    2.969  0.95393E+06  0.00000E+00 -0.67373E+06 -0.42693E+06  0.72685E+06 -0.54070E+06 -0.42693E+06 -0.72685E+06 -0.54070E+06
    3.000    2.979  0.95554E+06  0.00000E+00 -0.67496E+06 -0.42627E+06  0.72585E+06 -0.53999E+06 -0.42627E+06 -0.72585E+06 -0.53999E+06
    3.010    2.989  0.95551E+06  0.00000E+00 -0.67499E+06 -0.42603E+06  0.72564E+06 -0.53987E+06 -0.42603E+06 -0.72564E+06 -0.53987E+06
    3.020    2.999  0.95703E+06  0.00000E+00 -0.67621E+06 -0.42542E+06  0.72463E+06 -0.53915E+06 -0.42542E+06 -0.72463E+06 -0.53915E+06
    3.030    3.009  0.95614E+06  0.00000E+00 -0.67567E+06 -0.42544E+06  0.72478E+06 -0.53931E+06 -0.42544E+06 -0.72478E+06 -0.53931E+06
    3.040    3.018  0.95752E+06  0.00000E+00 -0.67682E+06 -0.42490E+06  0.72379E+06 -0.53861E+06 -0.42490E+06 -0.72379E+06 -0.53861E+06
    3.050    3.028  0.95574E+06  0.00000E+00 -0.67567E+06 -0.42519E+06  0.72431E+06 -0.53904E+06 -0.42519E+06 -0.72431E+06 -0.53904E+06
    3.060    3.038  0.95691E+06  0.00000E+00 -0.67667E+06 -0.42474E+06  0.72338E+06 -0.53839E+06 -0.42474E+06 -0.72338E+06 -0.53839E+06
    3.070    3.048  0.95426E+06  0.00000E+00 -0.67489E+06 -0.42531E+06  0.72428E+06 -0.53910E+06 -0.42531E+06 -0.72428E+06 -0.53910E+06
    3.080    3.058  0.95516E+06  0.00000E+00 -0.67567E+06 -0.42497E+06  0.72345E+06 -0.53853E+06 -0.42497E+06 -0.72345E+06 -0.53853E+06
    3.090    3.068  0.95163E+06  0.00000E+00 -0.67323E+06 -0.42581E+06  0.72474E+06 -0.53953E+06 -0.42581E+06 -0.72474E+06 -0.53953E+06
    3.100    3.078  0.95220E+06  0.00000E+00 -0.67375E+06 -0.42560E+06  0.72405E+06 -0.53906E+06 -0.42560E+06 -0.72405E+06 -0.53906E+06
    3.110    3.088  0.94783E+06  0.00000E+00 -0.67065E+06 -0.42671E+06  0.72574E+06 -0.54036E+06 -0.42671E+06 -0.72574E+06 -0.54036E+06
    3.120    3.097  0.94803E+06  0.00000E+00 -0.67084E+06 -0.42663E+06  0.72522E+06 -0.54002E+06 -0.42663E+06 -0.72522E+06 -0.54002E+06
    3.130    3.107  0.94287E+06  0.00000E+00 -0.66712E+06 -0.42798E+06  0.72729E+06 -0.54160E+06 -0.42798E+06 -0.72729E+06 -0.54160E+06
    3.140    3.117  0.94268E+06  0.00000E+00 -0.66696E+06 -0.42803E+06  0.72698E+06 -0.54140E+06 -0.42803E+06 -0.72698E+06 -0.54140E+06
    3.150    3.127  0.93681E+06  0.00000E+00 -0.66267E+06 -0.42960E+06  0.72940E+06 -0.54324E+06 -0.42960E+06 -0.72940E+06 -0.54324E+06
    3.160    3.137  0.93624E+06  0.00000E+00 -0.66216E+06 -0.42976E+06  0.72930E+06 -0.54319E+06 -0.42976E+06 -0.72930E+06 -0.54319E+06
    3.170    3.147  0.92977E+06  0.00000E+00 -0.65739E+06 -0.43150E+06  0.73203E+06 -0.54526E+06 -0.43150E+06 -0.73203E+06 -0.54526E+06
    3.180    3.157  0.92886E+06  0.00000E+00 -0.65658E+06 -0.43175E+06  0.73212E+06 -0.54535E+06 -0.43175E+06 -0.73212E+06 -0.54535E+06
    3.190    3.167  0.92195E+06  0.00000E+00 -0.65143E+06 -0.43360E+06  0.73511E+06 -0.54760E+06 -0.43360E+06 -0.73511E+06 -0.54760E+06
    3.200    3.176  0.92076E+06  0.00000E+00 -0.65038E+06 -0.43391E+06  0.73537E+06 -0.54781E+06 -0.43391E+06 -0.73537E+06 -0.54781E+06
    3.210    3.186  0.91358E+06  0.00000E+00 -0.64501E+06 -0.43582E+06  0.73852E+06 -0.55016E+06 -0.43582E+06 -0.73852E+06 -0.55016E+06
    3.220    3.196  0.91220E+06  0.00000E+00 -0.64380E+06 -0.43615E+06  0.73890E+06 -0.55046E+06 -0.43615E+06 -0.73890E+06 -0.55046E+06
    3.230    3.206  0.90494E+06  0.00000E+00 -0.63838E+06 -0.43804E+06  0.74212E+06 -0.55286E+06 -0.43804E+06 -0.74212E+06 -0.55286E+06
    3.240    3.216  0.90349E+06  0.00000E+00 -0.63710E+06 -0.43835E+06  0.74258E+06 -0.55320E+06 -0.43835E+06 -0.74258E+06 -0.55320E+06
    3.250    3.226  0.89635E+06  0.00000E+00 -0.63179E+06 -0.44017E+06  0.74576E+06 -0.55556E+06 -0.44017E+06 -0.74576E+06 -0.55556E+06
    3.260    3.236  0.89494E+06  0.00000E+00 -0.63055E+06 -0.44042E+06  0.74624E+06 -0.55591E+06 -0.44042E+06 -0.74624E+06 -0.55591E+06
    3.270    3.246  0.88813E+06  0.00000E+00 -0.62551E+06 -0.44210E+06  0.74928E+06 -0.55817E+06 -0.44210E+06 -0.74928E+06 -0.55817E+06
    3.280    3.255  0.88686E+06  0.00000E+00 -0.62442E+06 -0.44226E+06  0.74972E+06 -0.55848E+06 -0.44226E+06 -0.74972E+06 -0.55848E+06
    3.290    3.265  0.88057E+06  0.00000E+00 -0.61980E+06 -0.44377E+06  0.75253E+06 -0.56056E+06 -0.44377E+06 -0.75253E+06 -0.56056E+06
    3.300    3.275  0.87954E+06  0.00000E+00 -0.61893E+06 -0.44382E+06  0.75288E+06 -0.56080E+06 -0.44382E+06 -0.75288E+06 -0.56080E+06
    3.310    3.285  0.87393E+06  0.00000E+00 -0.61485E+06 -0.44511E+06  0.75539E+06 -0.56265E+06 -0.44511E+06 -0.75539E+06 -0.56265E+06
    3.320    3.295  0.87320E+06  0.00000E+00 -0.61426E+06 -0.44505E+06  0.75561E+06 -0.56279E+06 -0.44505E+06 -0.75561E+06 -0.56279E+06
    3.330    3.305  0.86840E+06  0.00000E+00 -0.61084E+06 -0.44610E+06  0.75775E+06 -0.56436E+06 -0.44610E+06 -0.75775E+06 -0.56436E+06
    3.340    3.315  0.86802E+06  0.00000E+00 -0.61056E+06 -0.44593E+06  0.75781E+06 -0.56438E+06 -0.44593E+06 -0.75781E+06 -0.56438E+06
    3.350    3.324  0.86412E+06  0.00000E+00 -0.60784E+06 -0.44673E+06  0.75953E+06 -0.56564E+06 -0.44673E+06 -0.75953E+06 -0.56564E+06
    3.360    3.334  0.86410E+06  0.00000E+00 -0.60788E+06 -0.44647E+06  0.75943E+06 -0.56554E+06 -0.44647E+06 -0.75943E+06 -0.56554E+06
    3.370    3.344  0.86114E+06  0.00000E+00 -0.60589E+06 -0.44703E+06  0.76070E+06 -0.56646E+06 -0.44703E+06 -0.76070E+06 -0.56646E+06
    3.380    3.354  0.86146E+06  0.00000E+00 -0.60623E+06 -0.44668E+06  0.76044E+06 -0.56624E+06 -0.44668E+06 -0.76044E+06 -0.56624E+06
    3.390    3.364  0.85945E+06  0.00000E+00 -0.60497E+06 -0.44702E+06  0.76125E+06 -0.56683E+06 -0.44702E+06 -0.76125E+06 -0.56683E+06
    3.400    3.374  0.86007E+06  0.00000E+00 -0.60555E+06 -0.44662E+06  0.76083E+06 -0.56650E+06 -0.44662E+06 -0.76083E+06 -0.56650E+06
    3.410    3.384  0.85897E+06  0.00000E+00 -0.60497E+06 -0.44675E+06  0.76120E+06 -0.56676E+06 -0.44675E+06 -0.76120E+06 -0.56676E+06
    3.420    3.394  0.85981E+06  0.00000E+00 -0.60575E+06 -0.44633E+06  0.76066E+06 -0.56634E+06 -0.44633E+06 -0.76066E+06 -0.56634E+06
    3.430    3.403  0.85957E+06  0.00000E+00 -0.60579E+06 -0.44627E+06  0.76059E+06 -0.56629E+06 -0.44627E+06 -0.76059E+06 -0.56629E+06
    3.440    3.413  0.86056E+06  0.00000E+00 -0.60667E+06 -0.44585E+06  0.75996E+06 -0.56581E+06 -0.44585E+06 -0.75996E+06 -0.56581E+06
    3.450    3.423  0.86110E+06  0.00000E+00 -0.60726E+06 -0.44563E+06  0.75951E+06 -0.56547E+06 -0.44563E+06 -0.75951E+06 -0.56547E+06
    3.460    3.433  0.86215E+06  0.00000E+00 -0.60816E+06 -0.44524E+06  0.75882E+06 -0.56496E+06 -0.44524E+06 -0.75882E+06 -0.56496E+06
    3.470    3.443  0.86337E+06  0.00000E+00 -0.60921E+06 -0.44488E+06  0.75802E+06 -0.56436E+06 -0.44488E+06 -0.75802E+06 -0.56436E+06
    3.480    3.453  0.86438E+06  0.00000E+00 -0.61004E+06 -0.44455E+06  0.75733E+06 -0.56385E+06 -0.44455E+06 -0.75733E+06 -0.56385E+06
    3.490    3.462  0.86619E+06  0.00000E+00 -0.61147E+06 -0.44407E+06  0.75624E+06 -0.56304E+06 -0.44407E+06 -0.75624E+06 -0.56304E+06
    3.500    3.472  0.86709E+06  0.00000E+00 -0.61216E+06 -0.44380E+06  0.75559E+06 -0.56256E+06 -0.44380E+06 -0.75559E+06 -0.56256E+06
    3.510    3.482  0.86937E+06  0.00000E+00 -0.61387E+06 -0.44323E+06  0.75425E+06 -0.56158E+06 -0.44323E+06 -0.75425E+06 -0.56158E+06
    3.520    3.492  0.87009E+06  0.00000E+00 -0.61437E+06 -0.44304E+06  0.75369E+06 -0.56117E+06 -0.44304E+06 -0.75369E+06 -0.56117E+06
    3.530    3.502  0.87276E+06  0.00000E+00 -0.61627E+06 -0.44239E+06  0.75217E+06 -0.56005E+06 -0.44239E+06 -0.75217E+06 -0.56005E+06
    3.540    3.512  0.87324E+06  0.00000E+00 -0.61652E+06 -0.44228E+06  0.75173E+06 -0.55973E+06 -0.44228E+06 -0.75173E+06 -0.55973E+06
    3.550    3.522  0.87620E+06  0.00000E+00 -0.61856E+06 -0.44155E+06  0.75008E+06 -0.55851E+06 -0.44155E+06 -0.75008E+06 -0.55851E+06
    3.560    3.531  0.87639E+06  0.00000E+00 -0.61854E+06 -0.44152E+06  0.74979E+06 -0.55831E+06 -0.44152E+06 -0.74979E+06 -0.55831E+06
    3.570    3.541  0.87956E+06  0.00000E+00 -0.62066E+06 -0.44073E+06  0.74806E+06 -0.55703E+06 -0.44073E+06 -0.74806E+06 -0.55703E+06
    3.580    3.551  0.87944E+06  0.00000E+00 -0.62035E+06 -0.44077E+06  0.74794E+06 -0.55694E+06 -0.44077E+06 -0.74794E+06 -0.55694E+06
    3.590    3.561  0.88275E+06  0.00000E+00 -0.62249E+06 -0.43992E+06  0.74616E+06 -0.55563E+06 -0.43992E+06 -0.74616E+06 -0.55563E+06
    3.600    3.571  0.88230E+06  0.00000E+00 -0.62190E+06 -0.44002E+06  0.74621E+06 -0.55567E+06 -0.44002E+06 -0.74621E+06 -0.55567E+06
    3.610    3.581  0.88565E+06  0.00000E+00 -0.62404E+06 -0.43912E+06  0.74443E+06 -0.55436E+06 -0.43912E+06 -0.74443E+06 -0.55436E+06
    3.620    3.590  0.88487E+06  0.00000E+00 -0.62318E+06 -0.43928E+06  0.74465E+06 -0.55453E+06 -0.43928E+06 -0.74465E+06 -0.55453E+06
    3.630    3.600  0.88822E+06  0.00000E+00 -0.62529E+06 -0.43833E+06  0.74290E+06 -0.55323E+06 -0.43833E+06 -0.74290E+06 -0.55323E+06
    3.640    3.610  0.88711E+06  0.00000E+00 -0.62419E+06 -0.43852E+06  0.74328E+06 -0.55352E+06 -0.43852E+06 -0.74328E+06 -0.55352E+06
    3.650    3.620  0.89037E+06  0.00000E+00 -0.62624E+06 -0.43754E+06  0.74158E+06 -0.55225E+06 -0.43754E+06 -0.74158E+06 -0.55225E+06
    3.660    3.630  0.88894E+06  0.00000E+00 -0.62493E+06 -0.43777E+06  0.74212E+06 -0.55266E+06 -0.43777E+06 -0.74212E+06 -0.55266E+06
    3.670    3.640  0.89205E+06  0.00000E+00 -0.62689E+06 -0.43677E+06  0.74049E+06 -0.55145E+06 -0.43677E+06 -0.74049E+06 -0.55145E+06
    3.680    3.649  0.89031E+06  0.00000E+00 -0.62540E+06 -0.43703E+06  0.74117E+06 -0.55196E+06 -0.43703E+06 -0.74117E+06 -0.55196E+06
    3.690    3.659  0.89321E+06  0.00000E+00 -0.62725E+06 -0.43604E+06  0.73964E+06 -0.55082E+06 -0.43604E+06 -0.73964E+06 -0.55082E+06
    3.700    3.669  0.89117E+06  0.00000E+00 -0.62562E+06 -0.43633E+06  0.74044E+06 -0.55142E+06 -0.43633E+06 -0.74044E+06 -0.55142E+06
    3.710    3.679  0.89379E+06  0.00000E+00 -0.62733E+06 -0.43536E+06  0.73904E+06 -0.55038E+06 -0.43536E+06 -0.73904E+06 -0.55038E+06
    3.720    3.689  0.89148E+06  0.00000E+00 -0.62557E+06 -0.43569E+06  0.73995E+06 -0.55107E+06 -0.43569E+06 -0.73995E+06 -0.55107E+06
    3.730    3.699  0.89375E+06  0.00000E+00 -0.62710E+06 -0.43479E+06  0.73869E+06 -0.55013E+06 -0.43479E+06 -0.73869E+06 -0.55013E+06
    3.740    3.708  0.89118E+06  0.00000E+00 -0.62523E+06 -0.43517E+06  0.73971E+06 -0.55090E+06 -0.43517E+06 -0.73971E+06 -0.55090E+06
    3.750    3.718  0.89305E+06  0.00000E+00 -0.62655E+06 -0.43436E+06  0.73862E+06 -0.55009E+06 -0.43436E+06 -0.73862E+06 -0.55009E+06
    3.760    3.728  0.89022E+06  0.00000E+00 -0.62458E+06 -0.43481E+06  0.73973E+06 -0.55093E+06 -0.43481E+06 -0.73973E+06 -0.55093E+06
    3.770    3.738  0.89163E+06  0.00000E+00 -0.62563E+06 -0.43412E+06  0.73883E+06 -0.55027E+06 -0.43412E+06 -0.73883E+06 -0.55027E+06
    3.780    3.748  0.88856E+06  0.00000E+00 -0.62356E+06 -0.43465E+06  0.74002E+06 -0.55117E+06 -0.43465E+06 -0.74002E+06 -0.55117E+06
    3.790    3.758  0.88945E+06  0.00000E+00 -0.62430E+06 -0.43411E+06  0.73935E+06 -0.55068E+06 -0.43411E+06 -0.73935E+06 -0.55068E+06
    3.800    3.767  0.88615E+06  0.00000E+00 -0.62211E+06 -0.43473E+06  0.74062E+06 -0.55165E+06 -0.43473E+06 -0.74062E+06 -0.55165E+06
    3.810    3.777  0.88646E+06  0.00000E+00 -0.62249E+06 -0.43438E+06  0.74018E+06 -0.55134E+06 -0.43438E+06 -0.74018E+06 -0.55134E+06
    3.820    3.787  0.88294E+06  0.00000E+00 -0.62017E+06 -0.43511E+06  0.74153E+06 -0.55236E+06 -0.43511E+06 -0.74153E+06 -0.55236E+06
    3.830    3.797  0.88264E+06  0.00000E+00 -0.62013E+06 -0.43496E+06  0.74136E+06 -0.55226E+06 -0.43496E+06 -0.74136E+06 -0.55226E+06
    3.840    3.807  0.87890E+06  0.00000E+00 -0.61767E+06 -0.43579E+06  0.74278E+06 -0.55334E+06 -0.43579E+06 -0.74278E+06 -0.55334E+06
    3.850    3.816  0.87795E+06  0.00000E+00 -0.61715E+06 -0.43587E+06  0.74290E+06 -0.55345E+06 -0.43587E+06 -0.74290E+06 -0.55345E+06
    3.860    3.826  0.87401E+06  0.00000E+00 -0.61454E+06 -0.43682E+06  0.74439E+06 -0.55458E+06 -0.43682E+06 -0.74439E+06 -0.55458E+06
    3.870    3.836  0.87237E+06  0.00000E+00 -0.61351E+06 -0.43713E+06  0.74481E+06 -0.55492E+06 -0.43713E+06 -0.74481E+06 -0.55492E+06
    3.880    3.846  0.86824E+06  0.00000E+00 -0.61074E+06 -0.43818E+06  0.74638E+06 -0.55611E+06 -0.43818E+06 -0.74638E+06 -0.55611E+06
    3.890    3.856  0.86591E+06  0.00000E+00 -0.60918E+06 -0.43873E+06  0.74712E+06 -0.55668E+06 -0.43873E+06 -0.74712E+06 -0.55668E+06
    3.900    3.866  0.86161E+06  0.00000E+00 -0.60624E+06 -0.43988E+06  0.74876E+06 -0.55793E+06 -0.43988E+06 -0.74876E+06 -0.55793E+06
    3.910    3.875  0.85858E+06  0.00000E+00 -0.60414E+06 -0.44066E+06  0.74982E+06 -0.55874E+06 -0.44066E+06 -0.74982E+06 -0.55874E+06
    3.920    3.885  0.85415E+06  0.00000E+00 -0.60105E+06 -0.44189E+06  0.75154E+06 -0.56004E+06 -0.44189E+06 -0.75154E+06 -0.56004E+06
    3.930    3.895  0.85045E+06  0.00000E+00 -0.59841E+06 -0.44288E+06  0.75293E+06 -0.56109E+06 -0.44288E+06 -0.75293E+06 -0.56109E+06
    3.940    3.905  0.84592E+06  0.00000E+00 -0.59520E+06 -0.44418E+06  0.75471E+06 -0.56243E+06 -0.44418E+06 -0.75471E+06 -0.56243E+06
    3.950    3.915  0.84160E+06  0.00000E+00 -0.59207E+06 -0.44536E+06  0.75643E+06 -0.56372E+06 -0.44536E+06 -0.75643E+06 -0.56372E+06
    3.960    3.924  0.83702E+06  0.00000E+00 -0.58878E+06 -0.44669E+06  0.75827E+06 -0.56509E+06 -0.44669E+06 -0.75827E+06 -0.56509E+06
    3.970    3.934  0.83215E+06  0.00000E+00 -0.58521E+06 -0.44804E+06  0.76029E+06 -0.56660E+06 -0.44804E+06 -0.76029E+06 -0.56660E+06
    3.980    3.944  0.82759E+06  0.00000E+00 -0.58190E+06 -0.44936E+06  0.76215E+06 -0.56798E+06 -0.44936E+06 -0.76215E+06 -0.56798E+06
    3.990    3.954  0.82224E+06  0.00000E+00 -0.57796E+06 -0.45084E+06  0.76445E+06 -0.56968E+06 -0.45084E+06 -0.76445E+06 -0.56968E+06
    4.000    3.964  0.81777E+06  0.00000E+00 -0.57469E+06 -0.45213E+06  0.76632E+06 -0.57106E+06 -0.45213E+06 -0.76632E+06 -0.57106E+06
    4.010    3.973  0.81205E+06  0.00000E+00 -0.57047E+06 -0.45369E+06  0.76884E+06 -0.57292E+06 -0.45369E+06 -0.76884E+06 -0.57292E+06
    4.020    3.983  0.80776E+06  0.00000E+00 -0.56733E+06 -0.45491E+06  0.77068E+06 -0.57426E+06 -0.45491E+06 -0.77068E+06 -0.57426E+06
    4.030    3.993  0.80178E+06  0.00000E+00 -0.56293E+06 -0.45651E+06  0.77338E+06 -0.57625E+06 -0.45651E+06 -0.77338E+06 -0.57625E+06
    4.040    4.003  0.79776E+06  0.00000E+00 -0.55999E+06 -0.45762E+06  0.77514E+06 -0.57752E+06 -0.45762E+06 -0.77514E+06 -0.57752E+06
    4.050    4.013  0.79165E+06  0.00000E+00 -0.55553E+06 -0.45922E+06  0.77795E+06 -0.57958E+06 -0.45922E+06 -0.77795E+06 -0.57958E+06
    4.060    4.022  0.78799E+06  0.00000E+00 -0.55287E+06 -0.46019E+06  0.77960E+06 -0.58076E+06 -0.46019E+06 -0.77960E+06 -0.58076E+06
    4.070    4.032  0.78187E+06  0.00000E+00 -0.54844E+06 -0.46175E+06  0.78246E+06 -0.58284E+06 -0.46175E+06 -0.78246E+06 -0.58284E+06
    4.080    4.042  0.77865E+06  0.00000E+00 -0.54613E+06 -0.46256E+06  0.78394E+06 -0.58389E+06 -0.46256E+06 -0.78394E+06 -0.58389E+06
    4.090    4.052  0.77266E+06  0.00000E+00 -0.54184E+06 -0.46405E+06  0.78678E+06 -0.58595E+06 -0.46405E+06 -0.78678E+06 -0.58595E+06
    4.100    4.062  0.76995E+06  0.00000E+00 -0.53994E+06 -0.46468E+06  0.78805E+06 -0.58684E+06 -0.46468E+06 -0.78805E+06 -0.58684E+06
    4.110    4.071  0.76420E+06  0.00000E+00 -0.53589E+06 -0.46607E+06  0.79080E+06 -0.58883E+06 -0.46607E+06 -0.79080E+06 -0.58883E+06
    4.120    4.081  0.76205E+06  0.00000E+00 -0.53444E+06 -0.46652E+06  0.79183E+06 -0.58954E+06 -0.46652E+06 -0.79183E+06 -0.58954E+06
    4.130    4.091  0.75665E+06  0.00000E+00 -0.53069E+06 -0.46779E+06  0.79444E+06 -0.59141E+06 -0.46779E+06 -0.79444E+06 -0.59141E+06
    4.140    4.101  0.75509E+06  0.00000E+00 -0.52972E+06 -0.46807E+06  0.79520E+06 -0.59192E+06 -0.46807E+06 -0.79520E+06 -0.59192E+06
    4.150    4.110  0.75012E+06  0.00000E+00 -0.52634E+06 -0.46922E+06  0.79761E+06 -0.59365E+06 -0.46922E+06 -0.79761E+06 -0.59365E+06
    4.160    4.120  0.74918E+06  0.00000E+00 -0.52585E+06 -0.46933E+06  0.79810E+06 -0.59395E+06 -0.46933E+06 -0.79810E+06 -0.59395E+06
    4.170    4.130  0.74469E+06  0.00000E+00 -0.52287E+06 -0.47036E+06  0.80026E+06 -0.59550E+06 -0.47036E+06 -0.80026E+06 -0.59550E+06
    4.180    4.140  0.74434E+06  0.00000E+00 -0.52285E+06 -0.47033E+06  0.80047E+06 -0.59559E+06 -0.47033E+06 -0.80047E+06 -0.59559E+06
    4.190    4.150  0.74039E+06  0.00000E+00 -0.52028E+06 -0.47125E+06  0.80237E+06 -0.59695E+06 -0.47125E+06 -0.80237E+06 -0.59695E+06
    4.200    4.159  0.74059E+06  0.00000E+00 -0.52069E+06 -0.47110E+06  0.80230E+06 -0.59684E+06 -0.47110E+06 -0.80230E+06 -0.59684E+06
    4.210    4.169  0.73718E+06  0.00000E+00 -0.51854E+06 -0.47192E+06  0.80393E+06 -0.59800E+06 -0.47192E+06 -0.80393E+06 -0.59800E+06
    4.220    4.179  0.73788E+06  0.00000E+00 -0.51932E+06 -0.47168E+06  0.80362E+06 -0.59771E+06 -0.47168E+06 -0.80362E+06 -0.59771E+06
    4.230    4.189  0.73501E+06  0.00000E+00 -0.51757E+06 -0.47242E+06  0.80497E+06 -0.59867E+06 -0.47242E+06 -0.80497E+06 -0.59867E+06
    4.240    4.199  0.73614E+06  0.00000E+00 -0.51866E+06 -0.47212E+06  0.80444E+06 -0.59822E+06 -0.47212E+06 -0.80444E+06 -0.59822E+06
    4.250    4.208  0.73379E+06  0.00000E+00 -0.51729E+06 -0.47278E+06  0.80554E+06 -0.59899E+06 -0.47278E+06 -0.80554E+06 -0.59899E+06
    4.260    4.218  0.73526E+06  0.00000E+00 -0.51861E+06 -0.47244E+06  0.80483E+06 -0.59842E+06 -0.47244E+06 -0.80483E+06 -0.59842E+06
    4.270    4.228  0.73340E+06  0.00000E+00 -0.51757E+06 -0.47304E+06  0.80568E+06 -0.59901E+06 -0.47304E+06 -0.80568E+06 -0.59901E+06
    4.280    4.238  0.73511E+06  0.00000E+00 -0.51905E+06 -0.47269E+06  0.80485E+06 -0.59835E+06 -0.47269E+06 -0.80485E+06 -0.59835E+06
    4.290    4.247  0.73370E+06  0.00000E+00 -0.51830E+06 -0.47322E+06  0.80549E+06 -0.59878E+06 -0.47322E+06 -0.80549E+06 -0.59878E+06
    4.300    4.257  0.73558E+06  0.00000E+00 -0.51986E+06 -0.47287E+06  0.80458E+06 -0.59807E+06 -0.47287E+06 -0.80458E+06 -0.59807E+06
    4.310    4.267  0.73457E+06  0.00000E+00 -0.51936E+06 -0.47334E+06  0.80503E+06 -0.59836E+06 -0.47334E+06 -0.80503E+06 -0.59836E+06
    4.320    4.277  0.73652E+06  0.00000E+00 -0.52092E+06 -0.47301E+06  0.80410E+06 -0.59763E+06 -0.47301E+06 -0.80410E+06 -0.59763E+06
    4.330    4.286  0.73586E+06  0.00000E+00 -0.52062E+06 -0.47341E+06  0.80438E+06 -0.59780E+06 -0.47341E+06 -0.80438E+06 -0.59780E+06
    4.340    4.296  0.73780E+06  0.00000E+00 -0.52212E+06 -0.47309E+06  0.80348E+06 -0.59708E+06 -0.47309E+06 -0.80348E+06 -0.59708E+06
    4.350    4.306  0.73745E+06  0.00000E+00 -0.52199E+06 -0.47342E+06  0.80363E+06 -0.59715E+06 -0.47342E+06 -0.80363E+06 -0.59715E+06
    4.360    4.316  0.73929E+06  0.00000E+00 -0.52336E+06 -0.47312E+06  0.80280E+06 -0.59649E+06 -0.47312E+06 -0.80280E+06 -0.59649E+06
    4.370    4.326  0.73921E+06  0.00000E+00 -0.52337E+06 -0.47338E+06  0.80285E+06 -0.59648E+06 -0.47338E+06 -0.80285E+06 -0.59648E+06
    4.380    4.335  0.74089E+06  0.00000E+00 -0.52456E+06 -0.47310E+06  0.80212E+06 -0.59589E+06 -0.47310E+06 -0.80212E+06 -0.59589E+06
    4.390    4.345  0.74103E+06  0.00000E+00 -0.52468E+06 -0.47327E+06  0.80209E+06 -0.59582E+06 -0.47327E+06 -0.80209E+06 -0.59582E+06
    4.400    4.355  0.74249E+06  0.00000E+00 -0.52566E+06 -0.47302E+06  0.80151E+06 -0.59534E+06 -0.47302E+06 -0.80151E+06 -0.59534E+06
    4.410    4.365  0.74281E+06  0.00000E+00 -0.52586E+06 -0.47310E+06  0.80143E+06 -0.59523E+06 -0.47310E+06 -0.80143E+06 -0.59523E+06
    4.420    4.374  0.74398E+06  0.00000E+00 -0.52661E+06 -0.47287E+06  0.80102E+06 -0.59487E+06 -0.47287E+06 -0.80102E+06 -0.59487E+06
    4.430    4.384  0.74444E+06  0.00000E+00 -0.52688E+06 -0.47287E+06  0.80091E+06 -0.59473E+06 -0.47287E+06 -0.80091E+06 -0.59473E+06
    4.440    4.394  0.74530E+06  0.00000E+00 -0.52737E+06 -0.47268E+06  0.80069E+06 -0.59451E+06 -0.47268E+06 -0.80069E+06 -0.59451E+06
    4.450    4.404  0.74586E+06  0.00000E+00 -0.52769E+06 -0.47260E+06  0.80056E+06 -0.59435E+06 -0.47260E+06 -0.80056E+06 -0.59435E+06
    4.460    4.413  0.74635E+06  0.00000E+00 -0.52791E+06 -0.47246E+06  0.80055E+06 -0.59428E+06 -0.47246E+06 -0.80055E+06 -0.59428E+06
    4.470    4.423  0.74697E+06  0.00000E+00 -0.52828E+06 -0.47231E+06  0.80042E+06 -0.59412E+06 -0.47231E+06 -0.80042E+06 -0.59412E+06
    4.480    4.433  0.74707E+06  0.00000E+00 -0.52823E+06 -0.47223E+06  0.80062E+06 -0.59420E+06 -0.47223E+06 -0.80062E+06 -0.59420E+06
    4.490    4.443  0.74771E+06  0.00000E+00 -0.52862E+06 -0.47204E+06  0.80050E+06 -0.59405E+06 -0.47204E+06 -0.80050E+06 -0.59405E+06
    4.500    4.452  0.74740E+06  0.00000E+00 -0.52830E+06 -0.47203E+06  0.80091E+06 -0.59429E+06 -0.47203E+06 -0.80091E+06 -0.59429E+06
    4.510    4.462  0.74801E+06  0.00000E+00 -0.52870E+06 -0.47181E+06  0.80080E+06 -0.59415E+06 -0.47181E+06 -0.80080E+06 -0.59415E+06
    4.520    4.472  0.74727E+06  0.00000E+00 -0.52811E+06 -0.47190E+06  0.80141E+06 -0.59455E+06 -0.47190E+06 -0.80141E+06 -0.59455E+06
    4.530    4.482  0.74782E+06  0.00000E+00 -0.52851E+06 -0.47168E+06  0.80133E+06 -0.59443E+06 -0.47168E+06 -0.80133E+06 -0.59443E+06
    4.540    4.491  0.74663E+06  0.00000E+00 -0.52765E+06 -0.47187E+06  0.80214E+06 -0.59497E+06 -0.47187E+06 -0.80214E+06 -0.59497E+06
    4.550    4.501  0.74708E+06  0.00000E+00 -0.52803E+06 -0.47168E+06  0.80209E+06 -0.59487E+06 -0.47168E+06 -0.80209E+06 -0.59487E+06
    4.560    4.511  0.74543E+06  0.00000E+00 -0.52690E+06 -0.47200E+06  0.80307E+06 -0.59555E+06 -0.47200E+06 -0.80307E+06 -0.59555E+06
    4.570    4.521  0.74574E+06  0.00000E+00 -0.52724E+06 -0.47186E+06  0.80306E+06 -0.59549E+06 -0.47186E+06 -0.80306E+06 -0.59549E+06
    4.580    4.530  0.74363E+06  0.00000E+00 -0.52584E+06 -0.47233E+06  0.80422E+06 -0.59630E+06 -0.47233E+06 -0.80422E+06 -0.59630E+06
    4.590    4.540  0.74375E+06  0.00000E+00 -0.52610E+06 -0.47226E+06  0.80426E+06 -0.59628E+06 -0.47226E+06 -0.80426E+06 -0.59628E+06
    4.600    4.550  0.74120E+06  0.00000E+00 -0.52444E+06 -0.47289E+06  0.80559E+06 -0.59722E+06 -0.47289E+06 -0.80559E+06 -0.59722E+06
    4.610    4.560  0.74109E+06  0.00000E+00 -0.52459E+06 -0.47293E+06  0.80569E+06 -0.59725E+06 -0.47293E+06 -0.80569E+06 -0.59725E+06
    4.620    4.569  0.73810E+06  0.00000E+00 -0.52266E+06 -0.47373E+06  0.80719E+06 -0.59831E+06 -0.47373E+06 -0.80719E+06 -0.59831E+06
    4.630    4.579  0.73774E+06  0.00000E+00 -0.52267E+06 -0.47388E+06  0.80737E+06 -0.59841E+06 -0.47388E+06 -0.80737E+06 -0.59841E+06
    4.640    4.589  0.73431E+06  0.00000E+00 -0.52047E+06 -0.47485E+06  0.80903E+06 -0.59959E+06 -0.47485E+06 -0.80903E+06 -0.59959E+06
    4.650    4.598  0.73367E+06  0.00000E+00 -0.52030E+06 -0.47514E+06  0.80932E+06 -0.59976E+06 -0.47514E+06 -0.80932E+06 -0.59976E+06
    4.660    4.608  0.72985E+06  0.00000E+00 -0.51785E+06 -0.47628E+06  0.81114E+06 -0.60107E+06 -0.47628E+06 -0.81114E+06 -0.60107E+06
    4.670    4.618  0.72890E+06  0.00000E+00 -0.51748E+06 -0.47670E+06  0.81155E+06 -0.60133E+06 -0.47670E+06 -0.81155E+06 -0.60133E+06
    4.680    4.628  0.72471E+06  0.00000E+00 -0.51477E+06 -0.47801E+06  0.81352E+06 -0.60275E+06 -0.47801E+06 -0.81352E+06 -0.60275E+06
    4.690    4.637  0.72344E+06  0.00000E+00 -0.51416E+06 -0.47856E+06  0.81408E+06 -0.60311E+06 -0.47856E+06 -0.81408E+06 -0.60311E+06
    4.700    4.647  0.71892E+06  0.00000E+00 -0.51122E+06 -0.47999E+06  0.81620E+06 -0.60463E+06 -0.47999E+06 -0.81620E+06 -0.60463E+06
    4.710    4.657  0.71734E+06  0.00000E+00 -0.51037E+06 -0.48066E+06  0.81690E+06 -0.60510E+06 -0.48066E+06 -0.81690E+06 -0.60510E+06
    4.720    4.667  0.71255E+06  0.00000E+00 -0.50721E+06 -0.48220E+06  0.81915E+06 -0.60671E+06 -0.48220E+06 -0.81915E+06 -0.60671E+06
    4.730    4.676  0.71066E+06  0.00000E+00 -0.50611E+06 -0.48297E+06  0.82001E+06 -0.60729E+06 -0.48297E+06 -0.82001E+06 -0.60729E+06
    4.740    4.686  0.70567E+06  0.00000E+00 -0.50278E+06 -0.48458E+06  0.82237E+06 -0.60897E+06 -0.48458E+06 -0.82237E+06 -0.60897E+06
    4.750    4.696  0.70350E+06  0.00000E+00 -0.50144E+06 -0.48541E+06  0.82339E+06 -0.60966E+06 -0.48541E+06 -0.82339E+06 -0.60966E+06
    4.760    4.705  0.69838E+06  0.00000E+00 -0.49798E+06 -0.48705E+06  0.82582E+06 -0.61139E+06 -0.48705E+06 -0.82582E+06 -0.61139E+06
    4.770    4.715  0.69596E+06  0.00000E+00 -0.49642E+06 -0.48792E+06  0.82699E+06 -0.61217E+06 -0.48792E+06 -0.82699E+06 -0.61217E+06
    4.780    4.725  0.69079E+06  0.00000E+00 -0.49288E+06 -0.48955E+06  0.82948E+06 -0.61393E+06 -0.48955E+06 -0.82948E+06 -0.61393E+06
    4.790    4.735  0.68819E+06  0.00000E+00 -0.49115E+06 -0.49043E+06  0.83079E+06 -0.61480E+06 -0.49043E+06 -0.83079E+06 -0.61480E+06
    4.800    4.744  0.68307E+06  0.00000E+00 -0.48760E+06 -0.49201E+06  0.83328E+06 -0.61656E+06 -0.49201E+06 -0.83328E+06 -0.61656E+06
    4.810    4.754  0.68032E+06  0.00000E+00 -0.48573E+06 -0.49288E+06  0.83471E+06 -0.61751E+06 -0.49288E+06 -0.83471E+06 -0.61751E+06
    4.820    4.764  0.67535E+06  0.00000E+00 -0.48225E+06 -0.49437E+06  0.83718E+06 -0.61923E+06 -0.49437E+06 -0.83718E+06 -0.61923E+06
    4.830    4.773  0.67254E+06  0.00000E+00 -0.48029E+06 -0.49521E+06  0.83870E+06 -0.62025E+06 -0.49521E+06 -0.83870E+06 -0.62025E+06
    4.840    4.783  0.66780E+06  0.00000E+00 -0.47697E+06 -0.49658E+06  0.84110E+06 -0.62191E+06 -0.49658E+06 -0.84110E+06 -0.62191E+06
    4.850    4.793  0.66499E+06  0.00000E+00 -0.47498E+06 -0.49737E+06  0.84269E+06 -0.62296E+06 -0.49737E+06 -0.84269E+06 -0.62296E+06
    4.860    4.803  0.66060E+06  0.00000E+00 -0.47188E+06 -0.49861E+06  0.84498E+06 -0.62454E+06 -0.49861E+06 -0.84498E+06 -0.62454E+06
    4.870    4.812  0.65785E+06  0.00000E+00 -0.46992E+06 -0.49935E+06  0.84659E+06 -0.62561E+06 -0.49935E+06 -0.84659E+06 -0.62561E+06
    4.880    4.822  0.65388E+06  0.00000E+00 -0.46712E+06 -0.50044E+06  0.84873E+06 -0.62706E+06 -0.50044E+06 -0.84873E+06 -0.62706E+06
    4.890    4.832  0.65127E+06  0.00000E+00 -0.46526E+06 -0.50111E+06  0.85033E+06 -0.62812E+06 -0.50111E+06 -0.85033E+06 -0.62812E+06
    4.900    4.841  0.64780E+06  0.00000E+00 -0.46282E+06 -0.50205E+06  0.85227E+06 -0.62942E+06 -0.50205E+06 -0.85227E+06 -0.62942E+06
    4.910    4.851  0.64539E+06  0.00000E+00 -0.46110E+06 -0.50265E+06  0.85382E+06 -0.63044E+06 -0.50265E+06 -0.85382E+06 -0.63044E+06
    4.920    4.861  0.64248E+06  0.00000E+00 -0.45909E+06 -0.50344E+06  0.85551E+06 -0.63156E+06 -0.50344E+06 -0.85551E+06 -0.63156E+06
    4.930    4.871  0.64030E+06  0.00000E+00 -0.45756E+06 -0.50398E+06  0.85695E+06 -0.63250E+06 -0.50398E+06 -0.85695E+06 -0.63250E+06
    4.940    4.880  0.63800E+06  0.00000E+00 -0.45600E+06 -0.50461E+06  0.85836E+06 -0.63341E+06 -0.50461E+06 -0.85836E+06 -0.63341E+06
    4.950    4.890  0.63610E+06  0.00000E+00 -0.45470E+06 -0.50511E+06  0.85966E+06 -0.63425E+06 -0.50511E+06 -0.85966E+06 -0.63425E+06
    4.960    4.900  0.63444E+06  0.00000E+00 -0.45363E+06 -0.50559E+06  0.86075E+06 -0.63492E+06 -0.50559E+06 -0.86075E+06 -0.63492E+06
    4.970    4.909  0.63282E+06  0.00000E+00 -0.45257E+06 -0.50604E+06  0.86189E+06 -0.63565E+06 -0.50604E+06 -0.86189E+06 -0.63565E+06
    4.980    4.919  0.63180E+06  0.00000E+00 -0.45201E+06 -0.50640E+06  0.86264E+06 -0.63608E+06 -0.50640E+06 -0.86264E+06 -0.63608E+06
    4.990    4.929  0.63050E+06  0.00000E+00 -0.45121E+06 -0.50681E+06  0.86360E+06 -0.63668E+06 -0.50681E+06 -0.86360E+06 -0.63668E+06
    5.000    4.938  0.63011E+06  0.00000E+00 -0.45114E+06 -0.50705E+06  0.86400E+06 -0.63686E+06 -0.50705E+06 -0.86400E+06 -0.63686E+06
    5.010    4.948  0.62911E+06  0.00000E+00 -0.45060E+06 -0.50744E+06  0.86478E+06 -0.63732E+06 -0.50744E+06 -0.86478E+06 -0.63732E+06
    5.020    4.958  0.62932E+06  0.00000E+00 -0.45100E+06 -0.50757E+06  0.86486E+06 -0.63727E+06 -0.50757E+06 -0.86486E+06 -0.63727E+06
    5.030    4.967  0.62861E+06  0.00000E+00 -0.45071E+06 -0.50794E+06  0.86546E+06 -0.63761E+06 -0.50794E+06 -0.86546E+06 -0.63761E+06
    5.040    4.977  0.62938E+06  0.00000E+00 -0.45156E+06 -0.50798E+06  0.86524E+06 -0.63734E+06 -0.50798E+06 -0.86524E+06 -0.63734E+06
    5.050    4.987  0.62893E+06  0.00000E+00 -0.45150E+06 -0.50834E+06  0.86568E+06 -0.63756E+06 -0.50834E+06 -0.86568E+06 -0.63756E+06
    5.060    4.997  0.63021E+06  0.00000E+00 -0.45274E+06 -0.50828E+06  0.86519E+06 -0.63710E+06 -0.50828E+06 -0.86519E+06 -0.63710E+06
    5.070    5.006  0.63000E+06  0.00000E+00 -0.45289E+06 -0.50863E+06  0.86551E+06 -0.63722E+06 -0.50863E+06 -0.86551E+06 -0.63722E+06
    5.080    5.016  0.63172E+06  0.00000E+00 -0.45448E+06 -0.50849E+06  0.86479E+06 -0.63659E+06 -0.50849E+06 -0.86479E+06 -0.63659E+06
    5.090    5.026  0.63171E+06  0.00000E+00 -0.45480E+06 -0.50882E+06  0.86500E+06 -0.63664E+06 -0.50882E+06 -0.86500E+06 -0.63664E+06
    5.100    5.035  0.63381E+06  0.00000E+00 -0.45668E+06 -0.50859E+06  0.86410E+06 -0.63587E+06 -0.50859E+06 -0.86410E+06 -0.63587E+06
    5.110    5.045  0.63397E+06  0.00000E+00 -0.45713E+06 -0.50888E+06  0.86423E+06 -0.63586E+06 -0.50888E+06 -0.86423E+06 -0.63586E+06
    5.120    5.055  0.63637E+06  0.00000E+00 -0.45925E+06 -0.50856E+06  0.86319E+06 -0.63499E+06 -0.50856E+06 -0.86319E+06 -0.63499E+06
